<?xml version="1.0" encoding="UTF-8"?>
<!-- Generated by org.testng.reporters.JUnitReportReporter -->
<testsuite hostname="Suraj" failures="0" tests="1" name="com.servicepoints.testCases.TC24_VerifyDisputeForConversation" time="83.308" errors="0" timestamp="2023-04-30T20:04:11 IST" skipped="0">
  <testcase classname="com.servicepoints.testCases.TC24_VerifyDisputeForConversation" name="verifyDisputeForConversation" time="83.308"/>
  <system-out/>
</testsuite> <!-- com.servicepoints.testCases.TC24_VerifyDisputeForConversation -->
