<?xml version="1.0" encoding="UTF-8"?>
<!-- Generated by org.testng.reporters.JUnitReportReporter -->
<testsuite hostname="sarasvati-Precision-Tower-3420" failures="0" tests="6" name="com.servicepoints.testCases.TC50_VerifyDeletedDisputeFromClientSupplierAndSupportSide" time="65.363" errors="0" timestamp="2023-06-15T18:07:57 IST" skipped="2">
  <testcase classname="com.servicepoints.testCases.TC50_VerifyDeletedDisputeFromClientSupplierAndSupportSide" name="verifyDeleteDisputeFromTeamleader" time="32.661"/>
  <system-out/>
  <testcase classname="com.servicepoints.testCases.TC50_VerifyDeletedDisputeFromClientSupplierAndSupportSide" name="verifyDeletedDisputeFromClientSide" time="12.654"/>
  <system-out/>
  <testcase classname="com.servicepoints.testCases.TC50_VerifyDeletedDisputeFromClientSupplierAndSupportSide" name="verifyDeletedDisputeFromSupplierSide" time="9.850"/>
  <system-out/>
  <testcase classname="com.servicepoints.testCases.TC50_VerifyDeletedDisputeFromClientSupplierAndSupportSide" name="verifyDeletedDisputefromSupportSide" time="10.198"/>
  <system-out/>
  <testcase classname="com.servicepoints.testCases.TC50_VerifyDeletedDisputeFromClientSupplierAndSupportSide" name="submitAndAcceptQuotation">
    <skipped/>
  </testcase> <!-- submitAndAcceptQuotation -->
  <system-out/>
  <testcase classname="com.servicepoints.testCases.TC50_VerifyDeletedDisputeFromClientSupplierAndSupportSide" name="verifyOpenDispute">
    <skipped/>
  </testcase> <!-- verifyOpenDispute -->
  <system-out/>
</testsuite> <!-- com.servicepoints.testCases.TC50_VerifyDeletedDisputeFromClientSupplierAndSupportSide -->
