<?xml version="1.0" encoding="UTF-8"?>
<!-- Generated by org.testng.reporters.JUnitReportReporter -->
<testsuite hostname="sarasvati-Precision-Tower-3420" failures="0" tests="1" name="com.servicepoints.testCases.TC00_verifySubmitAndAcceptQuote" time="71.266" errors="0" timestamp="2023-05-23T18:49:53 IST" skipped="0">
  <testcase classname="com.servicepoints.testCases.TC00_verifySubmitAndAcceptQuote" name="verifySubmitAndAcceptQuote" time="71.266"/>
  <system-out/>
</testsuite> <!-- com.servicepoints.testCases.TC00_verifySubmitAndAcceptQuote -->
