<?xml version="1.0" encoding="UTF-8"?>
<!-- Generated by org.testng.reporters.JUnitReportReporter -->
<testsuite hostname="sarasvati-Precision-Tower-3420" failures="0" tests="1" name="com.servicepoints.testCases.TC23_VerifyAddTrackingAndRefundDspFunction" time="154.609" errors="0" timestamp="2023-06-30T09:48:10 IST" skipped="0">
  <testcase classname="com.servicepoints.testCases.TC23_VerifyAddTrackingAndRefundDspFunction" name="verifyAddTrackingAndRefundDispute" time="154.609"/>
  <system-out/>
</testsuite> <!-- com.servicepoints.testCases.TC23_VerifyAddTrackingAndRefundDspFunction -->
