<?xml version="1.0" encoding="UTF-8"?>
<!-- Generated by org.testng.reporters.JUnitReportReporter -->
<testsuite hostname="sarasvati-Precision-Tower-3420" failures="0" tests="1" name="com.servicepoints.testCases.TC06_UserSignUpTest" time="23.705" errors="0" timestamp="2023-06-12T12:32:14 IST" skipped="0">
  <testcase classname="com.servicepoints.testCases.TC06_UserSignUpTest" name="testUserSignUp" time="23.705"/>
  <system-out/>
</testsuite> <!-- com.servicepoints.testCases.TC06_UserSignUpTest -->
