<?xml version="1.0" encoding="UTF-8"?>
<!-- Generated by org.testng.reporters.JUnitReportReporter -->
<testsuite hostname="sarasvati-Precision-Tower-3420" failures="0" tests="1" name="com.servicepoints.testCases.TC29_VerifyCloseSpecialRequestFunction" time="32.462" errors="0" timestamp="2023-04-27T11:00:01 IST" skipped="0">
  <testcase classname="com.servicepoints.testCases.TC29_VerifyCloseSpecialRequestFunction" name="verifyCloseSpecialRequest" time="32.462"/>
  <system-out/>
</testsuite> <!-- com.servicepoints.testCases.TC29_VerifyCloseSpecialRequestFunction -->
