<?xml version="1.0" encoding="UTF-8"?>
<!-- Generated by org.testng.reporters.JUnitReportReporter -->
<testsuite hostname="sarasvati-Precision-Tower-3420" failures="0" tests="1" name="com.servicepoints.testCases.TC34_VerifyPaymentPendingOrderOnTest" time="100.046" errors="0" timestamp="2023-05-10T16:18:52 IST" skipped="0">
  <testcase classname="com.servicepoints.testCases.TC34_VerifyPaymentPendingOrderOnTest" name="verifySecondProductStatus" time="100.046"/>
  <system-out/>
</testsuite> <!-- com.servicepoints.testCases.TC34_VerifyPaymentPendingOrderOnTest -->
