<?xml version="1.0" encoding="UTF-8"?>
<!-- Generated by org.testng.reporters.JUnitReportReporter -->
<testsuite hostname="sarasvati-Precision-Tower-3420" failures="0" tests="4" name="com.servicepoints.testCases.TC65_VerifyProductPageOnSupportAndTeamleadSide" time="203.857" errors="0" timestamp="2023-07-03T15:34:01 IST" skipped="0">
  <testcase classname="com.servicepoints.testCases.TC65_VerifyProductPageOnSupportAndTeamleadSide" name="submitAndAcceptQuotation" time="68.908"/>
  <system-out/>
  <testcase classname="com.servicepoints.testCases.TC65_VerifyProductPageOnSupportAndTeamleadSide" name="requoteQuoteByClient" time="48.252"/>
  <system-out/>
  <testcase classname="com.servicepoints.testCases.TC65_VerifyProductPageOnSupportAndTeamleadSide" name="supplierSubmitQuotationAgain" time="42.150"/>
  <system-out/>
  <testcase classname="com.servicepoints.testCases.TC65_VerifyProductPageOnSupportAndTeamleadSide" name="acceptQuotationFromTeamlead" time="44.547"/>
  <system-out/>
</testsuite> <!-- com.servicepoints.testCases.TC65_VerifyProductPageOnSupportAndTeamleadSide -->
