<?xml version="1.0" encoding="UTF-8"?>
<!-- Generated by org.testng.reporters.JUnitReportReporter -->
<testsuite hostname="sarasvati-Precision-Tower-3420" failures="0" tests="1" name="com.servicepoints.testCases.TC23_VerifyRefundDspDeclined" time="157.446" errors="0" timestamp="2023-05-02T19:19:50 IST" skipped="0">
  <testcase classname="com.servicepoints.testCases.TC23_VerifyRefundDspDeclined" name="verifyRefundDspDeclined" time="157.446"/>
  <system-out/>
</testsuite> <!-- com.servicepoints.testCases.TC23_VerifyRefundDspDeclined -->
