<?xml version="1.0" encoding="UTF-8"?>
<!-- Generated by org.testng.reporters.JUnitReportReporter -->
<testsuite hostname="sarasvati-Precision-Tower-3420" failures="0" tests="4" name="com.servicepoints.testCases.TC43_VerifyAfterCloseDisputeNoConversationBetweenClientAndSupplier" time="185.653" errors="0" timestamp="2023-05-26T12:13:39 IST" skipped="0">
  <testcase classname="com.servicepoints.testCases.TC43_VerifyAfterCloseDisputeNoConversationBetweenClientAndSupplier" name="submitAndAcceptQuotation" time="62.018"/>
  <system-out/>
  <testcase classname="com.servicepoints.testCases.TC43_VerifyAfterCloseDisputeNoConversationBetweenClientAndSupplier" name="verifyOpenDispute" time="31.469"/>
  <system-out/>
  <testcase classname="com.servicepoints.testCases.TC43_VerifyAfterCloseDisputeNoConversationBetweenClientAndSupplier" name="verifyAcceptDispute" time="76.274"/>
  <system-out/>
  <testcase classname="com.servicepoints.testCases.TC43_VerifyAfterCloseDisputeNoConversationBetweenClientAndSupplier" name="verifyNotificationFromClient" time="15.892"/>
  <system-out/>
</testsuite> <!-- com.servicepoints.testCases.TC43_VerifyAfterCloseDisputeNoConversationBetweenClientAndSupplier -->
