<?xml version="1.0" encoding="UTF-8"?>
<!-- Generated by org.testng.reporters.JUnitReportReporter -->
<testsuite hostname="sarasvati-Precision-Tower-3420" failures="0" tests="1" name="com.servicepoints.testCases.TC38_VerifyRequoteQuotationTest" time="60.810" errors="0" timestamp="2023-05-24T11:28:32 IST" skipped="0">
  <testcase classname="com.servicepoints.testCases.TC38_VerifyRequoteQuotationTest" name="verifyRequoteQuotation" time="60.810"/>
  <system-out/>
</testsuite> <!-- com.servicepoints.testCases.TC38_VerifyRequoteQuotationTest -->
