<?xml version="1.0" encoding="UTF-8"?>
<!-- Generated by org.testng.reporters.JUnitReportReporter -->
<testsuite hostname="sarasvati-Precision-Tower-3420" failures="0" tests="1" name="com.servicepoints.testCases.TC09_VerifyUpdationOfStoreTest" time="35.206" errors="0" timestamp="2023-04-26T17:43:15 IST" skipped="0">
  <testcase classname="com.servicepoints.testCases.TC09_VerifyUpdationOfStoreTest" name="verifyUpdatingStore" time="35.206"/>
  <system-out/>
</testsuite> <!-- com.servicepoints.testCases.TC09_VerifyUpdationOfStoreTest -->
