<?xml version="1.0" encoding="UTF-8"?>
<!-- Generated by org.testng.reporters.JUnitReportReporter -->
<testsuite hostname="sarasvati-Precision-Tower-3420" failures="0" tests="1" name="com.servicepoints.testCases.TC05_VerifyAdminSUPLoginTest" time="30.663" errors="0" timestamp="2023-04-10T19:20:43 IST" skipped="0">
  <testcase classname="com.servicepoints.testCases.TC05_VerifyAdminSUPLoginTest" name="verifyAdminSUPLogin" time="30.663"/>
  <system-out/>
</testsuite> <!-- com.servicepoints.testCases.TC05_VerifyAdminSUPLoginTest -->
