<?xml version="1.0" encoding="UTF-8"?>
<!-- Generated by org.testng.reporters.JUnitReportReporter -->
<testsuite hostname="sarasvati-Precision-Tower-3420" failures="0" tests="5" name="com.servicepoints.testCases.TC58_VerifyDiscountFunctionalityWithRefundDispute2" time="219.755" errors="0" timestamp="2023-06-13T13:19:11 IST" skipped="0">
  <testcase classname="com.servicepoints.testCases.TC58_VerifyDiscountFunctionalityWithRefundDispute2" name="submitAndAcceptQuotation" time="59.174"/>
  <system-out/>
  <testcase classname="com.servicepoints.testCases.TC58_VerifyDiscountFunctionalityWithRefundDispute2" name="verifyAddTrackingAndResendProduct" time="57.833"/>
  <system-out/>
  <testcase classname="com.servicepoints.testCases.TC58_VerifyDiscountFunctionalityWithRefundDispute2" name="raiseRefundDispute" time="57.472"/>
  <system-out/>
  <testcase classname="com.servicepoints.testCases.TC58_VerifyDiscountFunctionalityWithRefundDispute2" name="verifyAddingDiscount" time="29.670"/>
  <system-out/>
  <testcase classname="com.servicepoints.testCases.TC58_VerifyDiscountFunctionalityWithRefundDispute2" name="verifyDiscountFromClientSide" time="15.606"/>
  <system-out/>
</testsuite> <!-- com.servicepoints.testCases.TC58_VerifyDiscountFunctionalityWithRefundDispute2 -->
