<?xml version="1.0" encoding="UTF-8"?>
<!-- Generated by org.testng.reporters.JUnitReportReporter -->
<testsuite hostname="sarasvati-Precision-Tower-3420" failures="0" tests="1" name="com.servicepoints.testCases.TC19_VerifyAcceptDispute" time="49.855" errors="0" timestamp="2023-05-02T18:54:20 IST" skipped="0">
  <testcase classname="com.servicepoints.testCases.TC19_VerifyAcceptDispute" name="verifyAcceptDisputeTest" time="49.855"/>
  <system-out/>
</testsuite> <!-- com.servicepoints.testCases.TC19_VerifyAcceptDispute -->
