<?xml version="1.0" encoding="UTF-8"?>
<!-- Generated by org.testng.reporters.JUnitReportReporter -->
<testsuite hostname="sarasvati-Precision-Tower-3420" failures="0" tests="1" name="com.servicepoints.testCases.TC01_AdminLoginTest" time="3.358" errors="0" timestamp="2023-06-08T11:45:51 IST" skipped="0">
  <testcase classname="com.servicepoints.testCases.TC01_AdminLoginTest" name="adminLoginTest" time="3.358"/>
  <system-out/>
</testsuite> <!-- com.servicepoints.testCases.TC01_AdminLoginTest -->
