<?xml version="1.0" encoding="UTF-8"?>
<!-- Generated by org.testng.reporters.JUnitReportReporter -->
<testsuite hostname="sarasvati-Precision-Tower-3420" failures="0" tests="1" name="com.servicepoints.testCases.TC17_VerifyAddNewVariant" time="106.627" errors="0" timestamp="2023-05-03T12:16:03 IST" skipped="0">
  <testcase classname="com.servicepoints.testCases.TC17_VerifyAddNewVariant" name="verifyAddNewVariant" time="106.627"/>
  <system-out/>
</testsuite> <!-- com.servicepoints.testCases.TC17_VerifyAddNewVariant -->
