<?xml version="1.0" encoding="UTF-8"?>
<!-- Generated by org.testng.reporters.JUnitReportReporter -->
<testsuite hostname="sarasvati-Precision-Tower-3420" failures="0" tests="1" name="com.servicepoints.testCases.TC13_VerifyAddAgentSupportTest" time="45.413" errors="0" timestamp="2023-04-13T18:56:26 IST" skipped="0">
  <testcase classname="com.servicepoints.testCases.TC13_VerifyAddAgentSupportTest" name="verifyAddAgentSupport" time="45.413"/>
  <system-out/>
</testsuite> <!-- com.servicepoints.testCases.TC13_VerifyAddAgentSupportTest -->
