<?xml version="1.0" encoding="UTF-8"?>
<!-- Generated by org.testng.reporters.JUnitReportReporter -->
<testsuite hostname="sarasvati-Precision-Tower-3420" failures="0" tests="4" name="com.servicepoints.testCases.TC65_VerifyProductPageOnSupportAndTeamleadSide" time="201.640" errors="0" timestamp="2023-07-07T14:48:24 IST" skipped="0">
  <testcase classname="com.servicepoints.testCases.TC65_VerifyProductPageOnSupportAndTeamleadSide" name="submitAndAcceptQuotation" time="66.644"/>
  <system-out/>
  <testcase classname="com.servicepoints.testCases.TC65_VerifyProductPageOnSupportAndTeamleadSide" name="requoteQuoteByClient" time="48.033"/>
  <system-out/>
  <testcase classname="com.servicepoints.testCases.TC65_VerifyProductPageOnSupportAndTeamleadSide" name="supplierSubmitQuotationAgain" time="42.745"/>
  <system-out/>
  <testcase classname="com.servicepoints.testCases.TC65_VerifyProductPageOnSupportAndTeamleadSide" name="acceptQuotationFromTeamlead" time="44.218"/>
  <system-out/>
</testsuite> <!-- com.servicepoints.testCases.TC65_VerifyProductPageOnSupportAndTeamleadSide -->
