<?xml version="1.0" encoding="UTF-8"?>
<!-- Generated by org.testng.reporters.JUnitReportReporter -->
<testsuite hostname="sarasvati-Precision-Tower-3420" failures="0" tests="5" name="com.servicepoints.testCases.TC48_VerifyDisputeCantBeReopenForTheStatusCancelled" time="27.327" errors="0" timestamp="2023-06-07T14:47:05 IST" skipped="4">
  <testcase classname="com.servicepoints.testCases.TC48_VerifyDisputeCantBeReopenForTheStatusCancelled" name="verifyReopeningOfDeclinedDispute" time="27.327"/>
  <system-out/>
  <testcase classname="com.servicepoints.testCases.TC48_VerifyDisputeCantBeReopenForTheStatusCancelled" name="submitAndAcceptQuotation">
    <skipped/>
  </testcase> <!-- submitAndAcceptQuotation -->
  <system-out/>
  <testcase classname="com.servicepoints.testCases.TC48_VerifyDisputeCantBeReopenForTheStatusCancelled" name="verifyCancelOrder">
    <skipped/>
  </testcase> <!-- verifyCancelOrder -->
  <system-out/>
  <testcase classname="com.servicepoints.testCases.TC48_VerifyDisputeCantBeReopenForTheStatusCancelled" name="verifyOpenDisputeAndDeclined">
    <skipped/>
  </testcase> <!-- verifyOpenDisputeAndDeclined -->
  <system-out/>
  <testcase classname="com.servicepoints.testCases.TC48_VerifyDisputeCantBeReopenForTheStatusCancelled" name="verifyOpenDisputeAgainAndAccept">
    <skipped/>
  </testcase> <!-- verifyOpenDisputeAgainAndAccept -->
  <system-out/>
</testsuite> <!-- com.servicepoints.testCases.TC48_VerifyDisputeCantBeReopenForTheStatusCancelled -->
