<?xml version="1.0" encoding="UTF-8"?>
<!-- Generated by org.testng.reporters.JUnitReportReporter -->
<testsuite hostname="sarasvati-Precision-Tower-3420" failures="0" tests="1" name="com.servicepoints.testCases.TC24_VerifyEndToEndFunctionality" time="84.499" errors="0" timestamp="2023-04-24T11:21:40 IST" skipped="0">
  <testcase classname="com.servicepoints.testCases.TC24_VerifyEndToEndFunctionality" name="verifyEndToEndFunctionality" time="84.499"/>
  <system-out/>
</testsuite> <!-- com.servicepoints.testCases.TC24_VerifyEndToEndFunctionality -->
