<?xml version="1.0" encoding="UTF-8"?>
<!-- Generated by org.testng.reporters.JUnitReportReporter -->
<testsuite hostname="sarasvati-Precision-Tower-3420" failures="0" tests="1" name="com.servicepoints.testCases.TC22_VerifyAddTrackingAndRefundDspFunction" time="155.461" errors="0" timestamp="2023-05-03T11:53:49 IST" skipped="0">
  <testcase classname="com.servicepoints.testCases.TC22_VerifyAddTrackingAndRefundDspFunction" name="verifyAddTrackingAndRefundDispute" time="155.461"/>
  <system-out/>
</testsuite> <!-- com.servicepoints.testCases.TC22_VerifyAddTrackingAndRefundDspFunction -->
