<?xml version="1.0" encoding="UTF-8"?>
<!-- Generated by org.testng.reporters.JUnitReportReporter -->
<testsuite hostname="sarasvati-Precision-Tower-3420" failures="0" tests="1" name="com.servicepoints.testCases.TC13_VerifyAddAgentSupportTest" time="47.545" errors="0" timestamp="2023-05-03T12:39:29 IST" skipped="0">
  <testcase classname="com.servicepoints.testCases.TC13_VerifyAddAgentSupportTest" name="verifyAddAgentSupportTest" time="47.545"/>
  <system-out/>
</testsuite> <!-- com.servicepoints.testCases.TC13_VerifyAddAgentSupportTest -->
