<?xml version="1.0" encoding="UTF-8"?>
<!-- Generated by org.testng.reporters.JUnitReportReporter -->
<testsuite hostname="sarasvati-Precision-Tower-3420" failures="0" tests="1" name="com.servicepoints.testCases.TC11_VerifySubmitQuoteTest" time="35.342" errors="0" timestamp="2023-05-01T18:41:59 IST" skipped="0">
  <testcase classname="com.servicepoints.testCases.TC11_VerifySubmitQuoteTest" name="verifySubmitQuoteTest" time="35.342"/>
  <system-out/>
</testsuite> <!-- com.servicepoints.testCases.TC11_VerifySubmitQuoteTest -->
