<?xml version="1.0" encoding="UTF-8"?>
<!-- Generated by org.testng.reporters.JUnitReportReporter -->
<testsuite hostname="sarasvati-Precision-Tower-3420" failures="0" tests="1" name="com.servicepoints.testCases.TC16_VerifyUpdateDeleteQuotation" time="55.993" errors="0" timestamp="2023-04-21T15:49:33 IST" skipped="0">
  <testcase classname="com.servicepoints.testCases.TC16_VerifyUpdateDeleteQuotation" name="verifyUpdateQuotation" time="55.993"/>
  <system-out/>
</testsuite> <!-- com.servicepoints.testCases.TC16_VerifyUpdateDeleteQuotation -->
