<?xml version="1.0" encoding="UTF-8"?>
<!-- Generated by org.testng.reporters.JUnitReportReporter -->
<testsuite hostname="sarasvati-Precision-Tower-3420" failures="0" tests="10" name="com.servicepoints.testCases.TC60_VerifyChangeDiscountWithResendAndRefundFunctionality" time="565.812" errors="0" timestamp="2023-07-11T15:47:35 IST" skipped="0">
  <testcase classname="com.servicepoints.testCases.TC60_VerifyChangeDiscountWithResendAndRefundFunctionality" name="submitAndAcceptQuotation" time="57.346"/>
  <system-out/>
  <testcase classname="com.servicepoints.testCases.TC60_VerifyChangeDiscountWithResendAndRefundFunctionality" name="verifyAddTrackingOnProduct" time="68.464"/>
  <system-out/>
  <testcase classname="com.servicepoints.testCases.TC60_VerifyChangeDiscountWithResendAndRefundFunctionality" name="raiseResendDispute" time="57.659"/>
  <system-out/>
  <testcase classname="com.servicepoints.testCases.TC60_VerifyChangeDiscountWithResendAndRefundFunctionality" name="verifyAddTrackingOnProductAgain" time="66.866"/>
  <system-out/>
  <testcase classname="com.servicepoints.testCases.TC60_VerifyChangeDiscountWithResendAndRefundFunctionality" name="verifyAddingDiscount" time="74.105"/>
  <system-out/>
  <testcase classname="com.servicepoints.testCases.TC60_VerifyChangeDiscountWithResendAndRefundFunctionality" name="raiseRefundDispute" time="57.543"/>
  <system-out/>
  <testcase classname="com.servicepoints.testCases.TC60_VerifyChangeDiscountWithResendAndRefundFunctionality" name="raiseRefundDispute" time="57.448"/>
  <system-out/>
  <testcase classname="com.servicepoints.testCases.TC60_VerifyChangeDiscountWithResendAndRefundFunctionality" name="raiseRefundDispute" time="57.393"/>
  <system-out/>
  <testcase classname="com.servicepoints.testCases.TC60_VerifyChangeDiscountWithResendAndRefundFunctionality" name="verifyDiscountFromClientSide" time="47.828"/>
  <system-out/>
  <testcase classname="com.servicepoints.testCases.TC60_VerifyChangeDiscountWithResendAndRefundFunctionality" name="verifyAddingDiscountOnRemainingVariants" time="21.160"/>
  <system-out/>
</testsuite> <!-- com.servicepoints.testCases.TC60_VerifyChangeDiscountWithResendAndRefundFunctionality -->
