<?xml version="1.0" encoding="UTF-8"?>
<!-- Generated by org.testng.reporters.JUnitReportReporter -->
<testsuite hostname="sarasvati-Precision-Tower-3420" failures="0" tests="1" name="com.servicepoints.testCases.TC39_VerifyAcceptingRequoteQuotationTest" time="39.546" errors="0" timestamp="2023-05-24T11:28:32 IST" skipped="0">
  <testcase classname="com.servicepoints.testCases.TC39_VerifyAcceptingRequoteQuotationTest" name="verifyAcceptingRequoteQuote" time="39.546"/>
  <system-out/>
</testsuite> <!-- com.servicepoints.testCases.TC39_VerifyAcceptingRequoteQuotationTest -->
