<?xml version="1.0" encoding="UTF-8"?>
<!-- Generated by org.testng.reporters.JUnitReportReporter -->
<testsuite hostname="Suraj" failures="0" tests="1" name="com.servicepoints.testCases.TC28_VerifySpecialRequestFunction" time="27.155" errors="0" timestamp="2023-04-30T23:07:28 IST" skipped="0">
  <testcase classname="com.servicepoints.testCases.TC28_VerifySpecialRequestFunction" name="verifySpecialRequest" time="27.155"/>
  <system-out/>
</testsuite> <!-- com.servicepoints.testCases.TC28_VerifySpecialRequestFunction -->
