<?xml version="1.0" encoding="UTF-8"?>
<!-- Generated by org.testng.reporters.JUnitReportReporter -->
<testsuite hostname="sarasvati-Precision-Tower-3420" failures="0" tests="6" name="com.servicepoints.testCases.TC56_VerifyDiscountFunctionalityWithRefund" time="351.909" errors="0" timestamp="2023-06-23T16:01:32 IST" skipped="0">
  <testcase classname="com.servicepoints.testCases.TC56_VerifyDiscountFunctionalityWithRefund" name="submitAndAcceptQuotation" time="60.597"/>
  <system-out/>
  <testcase classname="com.servicepoints.testCases.TC56_VerifyDiscountFunctionalityWithRefund" name="verifyAddTrackingAndResendProduct" time="73.358"/>
  <system-out/>
  <testcase classname="com.servicepoints.testCases.TC56_VerifyDiscountFunctionalityWithRefund" name="raiseRefundDispute" time="64.680"/>
  <system-out/>
  <testcase classname="com.servicepoints.testCases.TC56_VerifyDiscountFunctionalityWithRefund" name="raiseRefundDispute" time="66.351"/>
  <system-out/>
  <testcase classname="com.servicepoints.testCases.TC56_VerifyDiscountFunctionalityWithRefund" name="raiseRefundDispute" time="70.237"/>
  <system-out/>
  <testcase classname="com.servicepoints.testCases.TC56_VerifyDiscountFunctionalityWithRefund" name="verifyDiscountFromClientSide" time="16.686"/>
  <system-out/>
</testsuite> <!-- com.servicepoints.testCases.TC56_VerifyDiscountFunctionalityWithRefund -->
