<?xml version="1.0" encoding="UTF-8"?>
<!-- Generated by org.testng.reporters.JUnitReportReporter -->
<testsuite hostname="sarasvati-Precision-Tower-3420" failures="0" tests="2" name="com.servicepoints.testCases.TC45_VerifyDisputeIsInOpenStateWhenClientSendsMsgOnDeclinedDispute" time="455.479" errors="0" timestamp="2023-05-29T13:28:04 IST" skipped="0">
  <testcase classname="com.servicepoints.testCases.TC45_VerifyDisputeIsInOpenStateWhenClientSendsMsgOnDeclinedDispute" name="submitAndAcceptQuotation" time="64.065"/>
  <system-out/>
  <testcase classname="com.servicepoints.testCases.TC45_VerifyDisputeIsInOpenStateWhenClientSendsMsgOnDeclinedDispute" name="verifyOpenDispute" time="391.414"/>
  <system-out/>
</testsuite> <!-- com.servicepoints.testCases.TC45_VerifyDisputeIsInOpenStateWhenClientSendsMsgOnDeclinedDispute -->
