<?xml version="1.0" encoding="UTF-8"?>
<!-- Generated by org.testng.reporters.JUnitReportReporter -->
<testsuite hostname="Suraj" failures="0" tests="1" name="com.servicepoints.testCases.TC00_verifySubmitAndAcceptQuote" time="68.400" errors="0" timestamp="2023-04-30T15:43:16 IST" skipped="0">
  <testcase classname="com.servicepoints.testCases.TC00_verifySubmitAndAcceptQuote" name="verifySubmitAndAcceptQuote" time="68.400"/>
  <system-out/>
</testsuite> <!-- com.servicepoints.testCases.TC00_verifySubmitAndAcceptQuote -->
