<?xml version="1.0" encoding="UTF-8"?>
<!-- Generated by org.testng.reporters.JUnitReportReporter -->
<testsuite hostname="sarasvati-Precision-Tower-3420" failures="0" tests="5" name="com.servicepoints.testCases.TC57_VerifyDiscountFunctionalityWithRefundDispute2" time="253.114" errors="0" timestamp="2023-06-19T15:12:37 IST" skipped="0">
  <testcase classname="com.servicepoints.testCases.TC57_VerifyDiscountFunctionalityWithRefundDispute2" name="submitAndAcceptQuotation" time="61.095"/>
  <system-out/>
  <testcase classname="com.servicepoints.testCases.TC57_VerifyDiscountFunctionalityWithRefundDispute2" name="verifyAddTrackingAndResendProduct" time="79.063"/>
  <system-out/>
  <testcase classname="com.servicepoints.testCases.TC57_VerifyDiscountFunctionalityWithRefundDispute2" name="raiseRefundDispute" time="62.948"/>
  <system-out/>
  <testcase classname="com.servicepoints.testCases.TC57_VerifyDiscountFunctionalityWithRefundDispute2" name="verifyAddingDiscount" time="32.483"/>
  <system-out/>
  <testcase classname="com.servicepoints.testCases.TC57_VerifyDiscountFunctionalityWithRefundDispute2" name="verifyDiscountFromClientSide" time="17.525"/>
  <system-out/>
</testsuite> <!-- com.servicepoints.testCases.TC57_VerifyDiscountFunctionalityWithRefundDispute2 -->
