<?xml version="1.0" encoding="UTF-8"?>
<!-- Generated by org.testng.reporters.JUnitReportReporter -->
<testsuite hostname="Suraj" failures="0" tests="1" name="com.servicepoints.testCases.TC23_VerifyRefundDspDeclined" time="130.383" errors="0" timestamp="2023-04-30T18:33:46 IST" skipped="0">
  <testcase classname="com.servicepoints.testCases.TC23_VerifyRefundDspDeclined" name="verifyRefundDspDeclined" time="130.383"/>
  <system-out/>
</testsuite> <!-- com.servicepoints.testCases.TC23_VerifyRefundDspDeclined -->
