<?xml version="1.0" encoding="UTF-8"?>
<!-- Generated by org.testng.reporters.JUnitReportReporter -->
<testsuite hostname="sarasvati-Precision-Tower-3420" failures="0" tests="1" name="com.servicepoints.testCases.TC01_AdminLoginTest" time="3.296" errors="0" timestamp="2023-04-07T12:09:02 IST" skipped="0">
  <testcase classname="com.servicepoints.testCases.TC01_AdminLoginTest" name="LoginTest" time="3.296"/>
  <system-out/>
</testsuite> <!-- com.servicepoints.testCases.TC01_AdminLoginTest -->
