<?xml version="1.0" encoding="UTF-8"?>
<!-- Generated by org.testng.reporters.JUnitReportReporter -->
<testsuite hostname="sarasvati-Precision-Tower-3420" failures="0" tests="1" name="com.servicepoints.testCases.TC08_VerifyAddingNewStore" time="28.172" errors="0" timestamp="2023-04-18T11:19:15 IST" skipped="0">
  <testcase classname="com.servicepoints.testCases.TC08_VerifyAddingNewStore" name="verifyAddStore" time="28.172"/>
  <system-out/>
</testsuite> <!-- com.servicepoints.testCases.TC08_VerifyAddingNewStore -->
