<?xml version="1.0" encoding="UTF-8"?>
<!-- Generated by org.testng.reporters.JUnitReportReporter -->
<testsuite hostname="sarasvati-Precision-Tower-3420" failures="0" tests="1" name="com.servicepoints.testCases.TC30_VerifyCloseSpecialRequestFunction" time="65.077" errors="0" timestamp="2023-06-28T12:30:55 IST" skipped="0">
  <testcase classname="com.servicepoints.testCases.TC30_VerifyCloseSpecialRequestFunction" name="verifyCloseSpecialRequest" time="65.077"/>
  <system-out/>
</testsuite> <!-- com.servicepoints.testCases.TC30_VerifyCloseSpecialRequestFunction -->
