<?xml version="1.0" encoding="UTF-8"?>
<!-- Generated by org.testng.reporters.JUnitReportReporter -->
<testsuite hostname="sarasvati-Precision-Tower-3420" failures="0" tests="1" name="com.servicepoints.testCases.TC01_AdminLoginTest" time="4.070" errors="0" timestamp="2023-05-29T17:43:09 IST" skipped="0">
  <testcase classname="com.servicepoints.testCases.TC01_AdminLoginTest" name="adminLoginTest" time="4.070"/>
  <system-out/>
</testsuite> <!-- com.servicepoints.testCases.TC01_AdminLoginTest -->
