<?xml version="1.0" encoding="UTF-8"?>
<!-- Generated by org.testng.reporters.JUnitReportReporter -->
<testsuite hostname="sarasvati-Precision-Tower-3420" failures="0" tests="1" name="com.servicepoints.testCases.TC17_VerifyAddNewVarient" time="108.993" errors="0" timestamp="2023-05-01T14:47:24 IST" skipped="0">
  <testcase classname="com.servicepoints.testCases.TC17_VerifyAddNewVarient" name="verifyAddNewVarient" time="108.993"/>
  <system-out/>
</testsuite> <!-- com.servicepoints.testCases.TC17_VerifyAddNewVarient -->
