<?xml version="1.0" encoding="UTF-8"?>
<!-- Generated by org.testng.reporters.JUnitReportReporter -->
<testsuite hostname="sarasvati-Precision-Tower-3420" failures="0" tests="1" name="com.servicepoints.testCases.TC24_VerifyDisputeForConversation" time="98.318" errors="0" timestamp="2023-05-03T11:53:49 IST" skipped="0">
  <testcase classname="com.servicepoints.testCases.TC24_VerifyDisputeForConversation" name="verifyDisputeForConversation" time="98.318"/>
  <system-out/>
</testsuite> <!-- com.servicepoints.testCases.TC24_VerifyDisputeForConversation -->
