<?xml version="1.0" encoding="UTF-8"?>
<!-- Generated by org.testng.reporters.JUnitReportReporter -->
<testsuite hostname="sarasvati-Precision-Tower-3420" failures="0" tests="1" name="com.servicepoints.testCases.TC08_VerifyAddAgentSupportTest" time="47.214" errors="0" timestamp="2023-05-09T09:37:02 IST" skipped="0">
  <testcase classname="com.servicepoints.testCases.TC08_VerifyAddAgentSupportTest" name="verifyAddAgentSupportTest" time="47.214"/>
  <system-out/>
</testsuite> <!-- com.servicepoints.testCases.TC08_VerifyAddAgentSupportTest -->
