<?xml version="1.0" encoding="UTF-8"?>
<!-- Generated by org.testng.reporters.JUnitReportReporter -->
<testsuite hostname="sarasvati-Precision-Tower-3420" failures="0" tests="1" name="com.servicepoints.testCases.TC05_VerifyAdminSUPLoginTest" time="23.445" errors="0" timestamp="2023-04-13T18:16:17 IST" skipped="0">
  <testcase classname="com.servicepoints.testCases.TC05_VerifyAdminSUPLoginTest" name="verifyAdminSUPLogin" time="23.445"/>
  <system-out/>
</testsuite> <!-- com.servicepoints.testCases.TC05_VerifyAdminSUPLoginTest -->
