<?xml version="1.0" encoding="UTF-8"?>
<!-- Generated by org.testng.reporters.JUnitReportReporter -->
<testsuite hostname="sarasvati-Precision-Tower-3420" failures="0" tests="2" name="com.servicepoints.testCases.TC45_VerifyDisputeIsInOpenStateWhenClientSendsMsgOnDeclinedDispute" time="349.288" errors="0" timestamp="2023-06-15T13:25:14 IST" skipped="1">
  <testcase classname="com.servicepoints.testCases.TC45_VerifyDisputeIsInOpenStateWhenClientSendsMsgOnDeclinedDispute" name="verifyOpenDispute" time="349.288"/>
  <system-out/>
  <testcase classname="com.servicepoints.testCases.TC45_VerifyDisputeIsInOpenStateWhenClientSendsMsgOnDeclinedDispute" name="submitAndAcceptQuotation">
    <skipped/>
  </testcase> <!-- submitAndAcceptQuotation -->
  <system-out/>
</testsuite> <!-- com.servicepoints.testCases.TC45_VerifyDisputeIsInOpenStateWhenClientSendsMsgOnDeclinedDispute -->
