<?xml version="1.0" encoding="UTF-8"?>
<!-- Generated by org.testng.reporters.JUnitReportReporter -->
<testsuite hostname="Suraj" failures="0" tests="1" name="com.servicepoints.testCases.TC29_VerifyCloseSpecialRequestFunction" time="30.774" errors="0" timestamp="2023-04-30T23:07:28 IST" skipped="0">
  <testcase classname="com.servicepoints.testCases.TC29_VerifyCloseSpecialRequestFunction" name="verifyCloseSpecialRequest" time="30.774"/>
  <system-out/>
</testsuite> <!-- com.servicepoints.testCases.TC29_VerifyCloseSpecialRequestFunction -->
