<?xml version="1.0" encoding="UTF-8"?>
<!-- Generated by org.testng.reporters.JUnitReportReporter -->
<testsuite hostname="sarasvati-Precision-Tower-3420" failures="0" tests="2" name="com.servicepoints.testCases.TC55_VerifyAddDiscountFunctionality" time="182.227" errors="0" timestamp="2023-06-19T14:39:07 IST" skipped="0">
  <testcase classname="com.servicepoints.testCases.TC55_VerifyAddDiscountFunctionality" name="submitAndAcceptQuotation" time="62.807"/>
  <system-out/>
  <testcase classname="com.servicepoints.testCases.TC55_VerifyAddDiscountFunctionality" name="verifyAddTrackingAndResendProduct" time="119.420"/>
  <system-out/>
</testsuite> <!-- com.servicepoints.testCases.TC55_VerifyAddDiscountFunctionality -->
