<?xml version="1.0" encoding="UTF-8"?>
<!-- Generated by org.testng.reporters.JUnitReportReporter -->
<testsuite hostname="sarasvati-Precision-Tower-3420" failures="0" tests="5" name="com.servicepoints.testCases.TC68_VerifyAskForPriceChangeFunctionFromSupportAndTeamleaderSide" time="249.131" errors="0" timestamp="2023-07-05T12:56:25 IST" skipped="0">
  <testcase classname="com.servicepoints.testCases.TC68_VerifyAskForPriceChangeFunctionFromSupportAndTeamleaderSide" name="submitAndAcceptQuotation" time="71.741"/>
  <system-out/>
  <testcase classname="com.servicepoints.testCases.TC68_VerifyAskForPriceChangeFunctionFromSupportAndTeamleaderSide" name="verifySubmitingAskForPriceChange" time="42.665"/>
  <system-out/>
  <testcase classname="com.servicepoints.testCases.TC68_VerifyAskForPriceChangeFunctionFromSupportAndTeamleaderSide" name="verifyClientAcceptedTheNewPrice" time="41.273"/>
  <system-out/>
  <testcase classname="com.servicepoints.testCases.TC68_VerifyAskForPriceChangeFunctionFromSupportAndTeamleaderSide" name="verifyDisableQuotationFromSupplier" time="37.942"/>
  <system-out/>
  <testcase classname="com.servicepoints.testCases.TC68_VerifyAskForPriceChangeFunctionFromSupportAndTeamleaderSide" name="verifyAcceptingNewQuotation" time="55.510"/>
  <system-out/>
</testsuite> <!-- com.servicepoints.testCases.TC68_VerifyAskForPriceChangeFunctionFromSupportAndTeamleaderSide -->
