<?xml version="1.0" encoding="UTF-8"?>
<!-- Generated by org.testng.reporters.JUnitReportReporter -->
<testsuite hostname="sarasvati-Precision-Tower-3420" failures="0" tests="6" name="com.servicepoints.testCases.TC63_VerifyGroupByFunctionality" time="435.252" errors="0" timestamp="2023-06-21T16:43:08 IST" skipped="2">
  <testcase classname="com.servicepoints.testCases.TC63_VerifyGroupByFunctionality" name="submitAndAcceptQuotation" time="73.892"/>
  <system-out/>
  <testcase classname="com.servicepoints.testCases.TC63_VerifyGroupByFunctionality" name="verifyAcceptingRequoteQuotation" time="124.885"/>
  <system-out/>
  <testcase classname="com.servicepoints.testCases.TC63_VerifyGroupByFunctionality" name="verifyAcceptingRequoteQuotation" time="124.839"/>
  <system-out/>
  <testcase classname="com.servicepoints.testCases.TC63_VerifyGroupByFunctionality" name="verifyMessageWhenClientTryToRequoteTwoTimes" time="111.636"/>
  <system-out/>
  <testcase classname="com.servicepoints.testCases.TC63_VerifyGroupByFunctionality" name="verifyAcceptingRequoteQuote">
    <skipped/>
  </testcase> <!-- verifyAcceptingRequoteQuote -->
  <system-out/>
  <testcase classname="com.servicepoints.testCases.TC63_VerifyGroupByFunctionality" name="verifyRequoteQuotation">
    <skipped/>
  </testcase> <!-- verifyRequoteQuotation -->
  <system-out/>
</testsuite> <!-- com.servicepoints.testCases.TC63_VerifyGroupByFunctionality -->
