<?xml version="1.0" encoding="UTF-8"?>
<!-- Generated by org.testng.reporters.JUnitReportReporter -->
<testsuite hostname="sarasvati-Precision-Tower-3420" failures="0" tests="4" name="com.servicepoints.testCases.TC41_VerifyMergeBreakOrderForNewVariantInDispute" time="56.267" errors="0" timestamp="2023-06-02T16:21:12 IST" skipped="2">
  <testcase classname="com.servicepoints.testCases.TC41_VerifyMergeBreakOrderForNewVariantInDispute" name="verifyDisputeIsOpenAfterAddingNewVariant" time="30.624"/>
  <system-out/>
  <testcase classname="com.servicepoints.testCases.TC41_VerifyMergeBreakOrderForNewVariantInDispute" name="verifyDisputeFromClientSide" time="25.643"/>
  <system-out/>
  <testcase classname="com.servicepoints.testCases.TC41_VerifyMergeBreakOrderForNewVariantInDispute" name="verifySubmitAndAcceptQuotation">
    <skipped/>
  </testcase> <!-- verifySubmitAndAcceptQuotation -->
  <system-out/>
  <testcase classname="com.servicepoints.testCases.TC41_VerifyMergeBreakOrderForNewVariantInDispute" name="verifyOpenDispute">
    <skipped/>
  </testcase> <!-- verifyOpenDispute -->
  <system-out/>
</testsuite> <!-- com.servicepoints.testCases.TC41_VerifyMergeBreakOrderForNewVariantInDispute -->
