<?xml version="1.0" encoding="UTF-8"?>
<!-- Generated by org.testng.reporters.JUnitReportReporter -->
<testsuite hostname="sarasvati-Precision-Tower-3420" failures="0" tests="6" name="com.servicepoints.testCases.TC49_VerifyCloseDisputeAfterCancelOrderAndDeclinedTheDispute" time="53.771" errors="0" timestamp="2023-05-30T17:30:52 IST" skipped="4">
  <testcase classname="com.servicepoints.testCases.TC49_VerifyCloseDisputeAfterCancelOrderAndDeclinedTheDispute" name="verifyShowDisputeFromTeamleaderAndSupport" time="20.803"/>
  <system-out/>
  <testcase classname="com.servicepoints.testCases.TC49_VerifyCloseDisputeAfterCancelOrderAndDeclinedTheDispute" name="verifyShowDisputeFromSupportSide" time="32.968"/>
  <system-out/>
  <testcase classname="com.servicepoints.testCases.TC49_VerifyCloseDisputeAfterCancelOrderAndDeclinedTheDispute" name="verifyCloseDisputeFromSupplierSide">
    <skipped/>
  </testcase> <!-- verifyCloseDisputeFromSupplierSide -->
  <system-out/>
  <testcase classname="com.servicepoints.testCases.TC49_VerifyCloseDisputeAfterCancelOrderAndDeclinedTheDispute" name="verifyCancelOrder">
    <skipped/>
  </testcase> <!-- verifyCancelOrder -->
  <system-out/>
  <testcase classname="com.servicepoints.testCases.TC49_VerifyCloseDisputeAfterCancelOrderAndDeclinedTheDispute" name="submitAndAcceptQuotation">
    <skipped/>
  </testcase> <!-- submitAndAcceptQuotation -->
  <system-out/>
  <testcase classname="com.servicepoints.testCases.TC49_VerifyCloseDisputeAfterCancelOrderAndDeclinedTheDispute" name="verifyOpenDispute">
    <skipped/>
  </testcase> <!-- verifyOpenDispute -->
  <system-out/>
</testsuite> <!-- com.servicepoints.testCases.TC49_VerifyCloseDisputeAfterCancelOrderAndDeclinedTheDispute -->
