<?xml version="1.0" encoding="UTF-8"?>
<!-- Generated by org.testng.reporters.JUnitReportReporter -->
<testsuite hostname="sarasvati-Precision-Tower-3420" failures="0" tests="5" name="com.servicepoints.testCases.TC52_VerifyOpenDisputeAfterSupplierAskForPriceChange" time="43.356" errors="0" timestamp="2023-06-16T09:39:10 IST" skipped="4">
  <testcase classname="com.servicepoints.testCases.TC52_VerifyOpenDisputeAfterSupplierAskForPriceChange" name="verifyDisputesFromSupplierSide" time="43.356"/>
  <system-out/>
  <testcase classname="com.servicepoints.testCases.TC52_VerifyOpenDisputeAfterSupplierAskForPriceChange" name="submitAndAcceptQuotation">
    <skipped/>
  </testcase> <!-- submitAndAcceptQuotation -->
  <system-out/>
  <testcase classname="com.servicepoints.testCases.TC52_VerifyOpenDisputeAfterSupplierAskForPriceChange" name="verifyOpenDispute">
    <skipped/>
  </testcase> <!-- verifyOpenDispute -->
  <system-out/>
  <testcase classname="com.servicepoints.testCases.TC52_VerifyOpenDisputeAfterSupplierAskForPriceChange" name="verifyByClient">
    <skipped/>
  </testcase> <!-- verifyByClient -->
  <system-out/>
  <testcase classname="com.servicepoints.testCases.TC52_VerifyOpenDisputeAfterSupplierAskForPriceChange" name="verifyAskForPriceChange">
    <skipped/>
  </testcase> <!-- verifyAskForPriceChange -->
  <system-out/>
</testsuite> <!-- com.servicepoints.testCases.TC52_VerifyOpenDisputeAfterSupplierAskForPriceChange -->
