<?xml version="1.0" encoding="UTF-8"?>
<!-- Generated by org.testng.reporters.JUnitReportReporter -->
<testsuite hostname="sarasvati-Precision-Tower-3420" failures="0" tests="6" name="com.servicepoints.testCases.TC47_VerifyDisputeCantBeInReopenStateForTheOderStatusResend" time="282.972" errors="0" timestamp="2023-06-15T15:01:56 IST" skipped="0">
  <testcase classname="com.servicepoints.testCases.TC47_VerifyDisputeCantBeInReopenStateForTheOderStatusResend" name="submitAndAcceptQuotation" time="58.694"/>
  <system-out/>
  <testcase classname="com.servicepoints.testCases.TC47_VerifyDisputeCantBeInReopenStateForTheOderStatusResend" name="verifyOpenDispute" time="46.900"/>
  <system-out/>
  <testcase classname="com.servicepoints.testCases.TC47_VerifyDisputeCantBeInReopenStateForTheOderStatusResend" name="verifyRaisingAndAcceptingDisputeAgain" time="50.338"/>
  <system-out/>
  <testcase classname="com.servicepoints.testCases.TC47_VerifyDisputeCantBeInReopenStateForTheOderStatusResend" name="verifyRaiseDisputeAndAccept" time="53.407"/>
  <system-out/>
  <testcase classname="com.servicepoints.testCases.TC47_VerifyDisputeCantBeInReopenStateForTheOderStatusResend" name="verifyTryToReopenResendDispute" time="55.823"/>
  <system-out/>
  <testcase classname="com.servicepoints.testCases.TC47_VerifyDisputeCantBeInReopenStateForTheOderStatusResend" name="verifyRaiseDisputeForrRefund" time="17.810"/>
  <system-out/>
</testsuite> <!-- com.servicepoints.testCases.TC47_VerifyDisputeCantBeInReopenStateForTheOderStatusResend -->
