<?xml version="1.0" encoding="UTF-8"?>
<!-- Generated by org.testng.reporters.JUnitReportReporter -->
<testsuite hostname="sarasvati-Precision-Tower-3420" failures="0" tests="1" name="com.servicepoints.testCases.TC26_VerifyRefundAndConversation" time="164.461" errors="0" timestamp="2023-05-08T10:42:32 IST" skipped="0">
  <testcase classname="com.servicepoints.testCases.TC26_VerifyRefundAndConversation" name="verifyRefundAndConversation" time="164.461"/>
  <system-out/>
</testsuite> <!-- com.servicepoints.testCases.TC26_VerifyRefundAndConversation -->
