<?xml version="1.0" encoding="UTF-8"?>
<!-- Generated by org.testng.reporters.JUnitReportReporter -->
<testsuite hostname="sarasvati-Precision-Tower-3420" failures="0" tests="10" name="com.servicepoints.testCases.TC54_VerifyReopeningOfHoldOrderStatusDispute" time="468.941" errors="0" timestamp="2023-06-16T10:08:39 IST" skipped="0">
  <testcase classname="com.servicepoints.testCases.TC54_VerifyReopeningOfHoldOrderStatusDispute" name="submitAndAcceptQuotation" time="57.813"/>
  <system-out/>
  <testcase classname="com.servicepoints.testCases.TC54_VerifyReopeningOfHoldOrderStatusDispute" name="verifyOpenDispute" time="27.199"/>
  <system-out/>
  <testcase classname="com.servicepoints.testCases.TC54_VerifyReopeningOfHoldOrderStatusDispute" name="verifyRequotation" time="42.251"/>
  <system-out/>
  <testcase classname="com.servicepoints.testCases.TC54_VerifyReopeningOfHoldOrderStatusDispute" name="verifyShowDisputeFromTeamleaderSide" time="31.725"/>
  <system-out/>
  <testcase classname="com.servicepoints.testCases.TC54_VerifyReopeningOfHoldOrderStatusDispute" name="verifyReopenHoldDeclinedDisputes" time="33.574"/>
  <system-out/>
  <testcase classname="com.servicepoints.testCases.TC54_VerifyReopeningOfHoldOrderStatusDispute" name="submitReQuotation" time="34.962"/>
  <system-out/>
  <testcase classname="com.servicepoints.testCases.TC54_VerifyReopeningOfHoldOrderStatusDispute" name="verifyAcceptingRequoteQuote" time="33.711"/>
  <system-out/>
  <testcase classname="com.servicepoints.testCases.TC54_VerifyReopeningOfHoldOrderStatusDispute" name="againRaiseDisputes" time="66.184"/>
  <system-out/>
  <testcase classname="com.servicepoints.testCases.TC54_VerifyReopeningOfHoldOrderStatusDispute" name="verifyAcceptDispute" time="80.548"/>
  <system-out/>
  <testcase classname="com.servicepoints.testCases.TC54_VerifyReopeningOfHoldOrderStatusDispute" name="verifyReopenDeclinedDisputes" time="60.974"/>
  <system-out/>
</testsuite> <!-- com.servicepoints.testCases.TC54_VerifyReopeningOfHoldOrderStatusDispute -->
