<?xml version="1.0" encoding="UTF-8"?>
<!-- Generated by org.testng.reporters.JUnitReportReporter -->
<testsuite hostname="sarasvati-Precision-Tower-3420" failures="0" tests="5" name="com.servicepoints.testCases.TC68_VerifyAskForPriceChangeFunctionFromSupportAndTeamleaderSide" time="248.030" errors="0" timestamp="2023-07-07T15:37:55 IST" skipped="0">
  <testcase classname="com.servicepoints.testCases.TC68_VerifyAskForPriceChangeFunctionFromSupportAndTeamleaderSide" name="submitAndAcceptQuotation" time="70.919"/>
  <system-out/>
  <testcase classname="com.servicepoints.testCases.TC68_VerifyAskForPriceChangeFunctionFromSupportAndTeamleaderSide" name="verifySubmitingAskForPriceChange" time="43.804"/>
  <system-out/>
  <testcase classname="com.servicepoints.testCases.TC68_VerifyAskForPriceChangeFunctionFromSupportAndTeamleaderSide" name="verifyClientAcceptedTheNewPrice" time="40.338"/>
  <system-out/>
  <testcase classname="com.servicepoints.testCases.TC68_VerifyAskForPriceChangeFunctionFromSupportAndTeamleaderSide" name="verifyDisableQuotationFromSupplier" time="37.279"/>
  <system-out/>
  <testcase classname="com.servicepoints.testCases.TC68_VerifyAskForPriceChangeFunctionFromSupportAndTeamleaderSide" name="verifyAcceptingNewQuotation" time="55.690"/>
  <system-out/>
</testsuite> <!-- com.servicepoints.testCases.TC68_VerifyAskForPriceChangeFunctionFromSupportAndTeamleaderSide -->
