<?xml version="1.0" encoding="UTF-8"?>
<!-- Generated by org.testng.reporters.JUnitReportReporter -->
<testsuite hostname="sarasvati-Precision-Tower-3420" failures="0" tests="1" name="com.servicepoints.testCases.TC12_VerifyAcceptQuotationTest" time="124.162" errors="0" timestamp="2023-04-18T11:47:53 IST" skipped="0">
  <testcase classname="com.servicepoints.testCases.TC12_VerifyAcceptQuotationTest" name="verifyAcceptQuote" time="124.162"/>
  <system-out/>
</testsuite> <!-- com.servicepoints.testCases.TC12_VerifyAcceptQuotationTest -->
