<?xml version="1.0" encoding="UTF-8"?>
<!-- Generated by org.testng.reporters.JUnitReportReporter -->
<testsuite hostname="sarasvati-Precision-Tower-3420" failures="0" tests="1" name="com.servicepoints.testCases.TC07_VerifyClientApprovalTest" time="41.937" errors="0" timestamp="2023-06-26T12:06:31 IST" skipped="0">
  <testcase classname="com.servicepoints.testCases.TC07_VerifyClientApprovalTest" name="verifyClientApprovalTest" time="41.937"/>
  <system-out/>
</testsuite> <!-- com.servicepoints.testCases.TC07_VerifyClientApprovalTest -->
