<?xml version="1.0" encoding="UTF-8"?>
<!-- Generated by org.testng.reporters.JUnitReportReporter -->
<testsuite hostname="sarasvati-Precision-Tower-3420" failures="0" tests="1" name="com.servicepoints.testCases.TC20_VerifySpecialRequestFunction" time="25.014" errors="0" timestamp="2023-04-19T11:42:27 IST" skipped="0">
  <testcase classname="com.servicepoints.testCases.TC20_VerifySpecialRequestFunction" name="verifySpecialRequest" time="25.014"/>
  <system-out/>
</testsuite> <!-- com.servicepoints.testCases.TC20_VerifySpecialRequestFunction -->
