<?xml version="1.0" encoding="UTF-8"?>
<!-- Generated by org.testng.reporters.JUnitReportReporter -->
<testsuite hostname="sarasvati-Precision-Tower-3420" failures="0" tests="6" name="com.servicepoints.testCases.TC61_VerifyChangeDiscountWithRefundFunctionality" time="343.893" errors="0" timestamp="2023-07-11T16:57:58 IST" skipped="0">
  <testcase classname="com.servicepoints.testCases.TC61_VerifyChangeDiscountWithRefundFunctionality" name="submitAndAcceptQuotation" time="58.161"/>
  <system-out/>
  <testcase classname="com.servicepoints.testCases.TC61_VerifyChangeDiscountWithRefundFunctionality" name="verifyAddTrackingOnProduct" time="66.299"/>
  <system-out/>
  <testcase classname="com.servicepoints.testCases.TC61_VerifyChangeDiscountWithRefundFunctionality" name="raiseRefundDispute" time="58.602"/>
  <system-out/>
  <testcase classname="com.servicepoints.testCases.TC61_VerifyChangeDiscountWithRefundFunctionality" name="verifyAddingDiscount" time="73.912"/>
  <system-out/>
  <testcase classname="com.servicepoints.testCases.TC61_VerifyChangeDiscountWithRefundFunctionality" name="raiseRefundDisputeAgain" time="57.378"/>
  <system-out/>
  <testcase classname="com.servicepoints.testCases.TC61_VerifyChangeDiscountWithRefundFunctionality" name="verifyDiscountFromClientSide" time="29.541"/>
  <system-out/>
</testsuite> <!-- com.servicepoints.testCases.TC61_VerifyChangeDiscountWithRefundFunctionality -->
