<?xml version="1.0" encoding="UTF-8"?>
<!-- Generated by org.testng.reporters.JUnitReportReporter -->
<testsuite hostname="sarasvati-Precision-Tower-3420" failures="0" tests="1" name="com.servicepoints.testCases.TC02_VerifyClientLoginTest" time="26.726" errors="0" timestamp="2023-04-26T17:43:15 IST" skipped="0">
  <testcase classname="com.servicepoints.testCases.TC02_VerifyClientLoginTest" name="verifyClientLogin" time="26.726"/>
  <system-out/>
</testsuite> <!-- com.servicepoints.testCases.TC02_VerifyClientLoginTest -->
