<?xml version="1.0" encoding="UTF-8"?>
<!-- Generated by org.testng.reporters.JUnitReportReporter -->
<testsuite hostname="sarasvati-Precision-Tower-3420" failures="0" tests="6" name="com.servicepoints.testCases.TC67_VerifySimpleSpecialRequestFunctionalityBySupportAndTeamleader" time="47.845" errors="0" timestamp="2023-07-04T13:39:27 IST" skipped="4">
  <testcase classname="com.servicepoints.testCases.TC67_VerifySimpleSpecialRequestFunctionalityBySupportAndTeamleader" name="verifySumbmittingSpRequestFromSupport" time="21.588"/>
  <system-out/>
  <testcase classname="com.servicepoints.testCases.TC67_VerifySimpleSpecialRequestFunctionalityBySupportAndTeamleader" name="verifySupplierSubmittedTheSpRequestFromSupport" time="26.257"/>
  <system-out/>
  <testcase classname="com.servicepoints.testCases.TC67_VerifySimpleSpecialRequestFunctionalityBySupportAndTeamleader" name="verifySupplierSubmittedTheSpRequest">
    <skipped/>
  </testcase> <!-- verifySupplierSubmittedTheSpRequest -->
  <system-out/>
  <testcase classname="com.servicepoints.testCases.TC67_VerifySimpleSpecialRequestFunctionalityBySupportAndTeamleader" name="submitAndAcceptQuotation">
    <skipped/>
  </testcase> <!-- submitAndAcceptQuotation -->
  <system-out/>
  <testcase classname="com.servicepoints.testCases.TC67_VerifySimpleSpecialRequestFunctionalityBySupportAndTeamleader" name="verifyCloseSpecialRequestFromTeamleaderSide">
    <skipped/>
  </testcase> <!-- verifyCloseSpecialRequestFromTeamleaderSide -->
  <system-out/>
  <testcase classname="com.servicepoints.testCases.TC67_VerifySimpleSpecialRequestFunctionalityBySupportAndTeamleader" name="submitSpecialRequestByTeamleader">
    <skipped/>
  </testcase> <!-- submitSpecialRequestByTeamleader -->
  <system-out/>
</testsuite> <!-- com.servicepoints.testCases.TC67_VerifySimpleSpecialRequestFunctionalityBySupportAndTeamleader -->
