<?xml version="1.0" encoding="UTF-8"?>
<!-- Generated by org.testng.reporters.JUnitReportReporter -->
<testsuite hostname="sarasvati-Precision-Tower-3420" failures="0" tests="1" name="com.servicepoints.testCases.TC12_VerifyAcceptQuotationTest" time="33.039" errors="0" timestamp="2023-05-03T15:22:28 IST" skipped="0">
  <testcase classname="com.servicepoints.testCases.TC12_VerifyAcceptQuotationTest" name="verifyAcceptQuoteTest" time="33.039"/>
  <system-out/>
</testsuite> <!-- com.servicepoints.testCases.TC12_VerifyAcceptQuotationTest -->
