<?xml version="1.0" encoding="UTF-8"?>
<!-- Generated by org.testng.reporters.JUnitReportReporter -->
<testsuite hostname="sarasvati-Precision-Tower-3420" failures="0" tests="4" name="com.servicepoints.testCases.TC43_VerifyAfterCloseDisputeNoConversationBetweenClientAndSupplier" time="174.509" errors="0" timestamp="2023-06-15T12:34:30 IST" skipped="0">
  <testcase classname="com.servicepoints.testCases.TC43_VerifyAfterCloseDisputeNoConversationBetweenClientAndSupplier" name="submitAndAcceptQuotation" time="57.887"/>
  <system-out/>
  <testcase classname="com.servicepoints.testCases.TC43_VerifyAfterCloseDisputeNoConversationBetweenClientAndSupplier" name="verifyOpenDispute" time="28.334"/>
  <system-out/>
  <testcase classname="com.servicepoints.testCases.TC43_VerifyAfterCloseDisputeNoConversationBetweenClientAndSupplier" name="verifyAcceptDispute" time="73.483"/>
  <system-out/>
  <testcase classname="com.servicepoints.testCases.TC43_VerifyAfterCloseDisputeNoConversationBetweenClientAndSupplier" name="verifyNotificationFromClient" time="14.805"/>
  <system-out/>
</testsuite> <!-- com.servicepoints.testCases.TC43_VerifyAfterCloseDisputeNoConversationBetweenClientAndSupplier -->
