<?xml version="1.0" encoding="UTF-8"?>
<!-- Generated by org.testng.reporters.JUnitReportReporter -->
<testsuite hostname="sarasvati-Precision-Tower-3420" failures="0" tests="1" name="com.servicepoints.testCases.TC10_VerifyDeletionOfStoreTest" time="16.874" errors="0" timestamp="2023-04-13T18:46:52 IST" skipped="0">
  <testcase classname="com.servicepoints.testCases.TC10_VerifyDeletionOfStoreTest" name="verifyDeletingStore" time="16.874"/>
  <system-out/>
</testsuite> <!-- com.servicepoints.testCases.TC10_VerifyDeletionOfStoreTest -->
