<?xml version="1.0" encoding="UTF-8"?>
<!-- Generated by org.testng.reporters.JUnitReportReporter -->
<testsuite hostname="sarasvati-Precision-Tower-3420" failures="0" tests="1" name="com.servicepoints.testCases.TC16_VerifyUpdateDeleteQuotation" time="129.523" errors="0" timestamp="2023-05-03T16:52:46 IST" skipped="0">
  <testcase classname="com.servicepoints.testCases.TC16_VerifyUpdateDeleteQuotation" name="verifyUpdateDeleteQuotation" time="129.523"/>
  <system-out/>
</testsuite> <!-- com.servicepoints.testCases.TC16_VerifyUpdateDeleteQuotation -->
