<?xml version="1.0" encoding="UTF-8"?>
<!-- Generated by org.testng.reporters.JUnitReportReporter -->
<testsuite hostname="sarasvati-Precision-Tower-3420" failures="0" tests="6" name="com.servicepoints.testCases.TC57_VerifyDiscountFunctionalityWithRefund" time="326.672" errors="0" timestamp="2023-06-13T13:30:05 IST" skipped="0">
  <testcase classname="com.servicepoints.testCases.TC57_VerifyDiscountFunctionalityWithRefund" name="submitAndAcceptQuotation" time="59.934"/>
  <system-out/>
  <testcase classname="com.servicepoints.testCases.TC57_VerifyDiscountFunctionalityWithRefund" name="verifyAddTrackingAndResendProduct" time="75.339"/>
  <system-out/>
  <testcase classname="com.servicepoints.testCases.TC57_VerifyDiscountFunctionalityWithRefund" name="raiseRefundDispute" time="59.349"/>
  <system-out/>
  <testcase classname="com.servicepoints.testCases.TC57_VerifyDiscountFunctionalityWithRefund" name="raiseRefundDispute" time="59.096"/>
  <system-out/>
  <testcase classname="com.servicepoints.testCases.TC57_VerifyDiscountFunctionalityWithRefund" name="raiseRefundDispute" time="57.790"/>
  <system-out/>
  <testcase classname="com.servicepoints.testCases.TC57_VerifyDiscountFunctionalityWithRefund" name="verifyDiscountFromClientSide" time="15.164"/>
  <system-out/>
</testsuite> <!-- com.servicepoints.testCases.TC57_VerifyDiscountFunctionalityWithRefund -->
