<?xml version="1.0" encoding="UTF-8"?>
<!-- Generated by org.testng.reporters.JUnitReportReporter -->
<testsuite hostname="sarasvati-Precision-Tower-3420" failures="0" tests="1" name="com.servicepoints.testCases.TC07_VerifyAddAgentSupBySupplier" time="37.761" errors="0" timestamp="2023-04-21T14:48:46 IST" skipped="0">
  <testcase classname="com.servicepoints.testCases.TC07_VerifyAddAgentSupBySupplier" name="verifyAddAgent" time="37.761"/>
  <system-out/>
</testsuite> <!-- com.servicepoints.testCases.TC07_VerifyAddAgentSupBySupplier -->
