<?xml version="1.0" encoding="UTF-8"?>
<!-- Generated by org.testng.reporters.JUnitReportReporter -->
<testsuite hostname="sarasvati-Precision-Tower-3420" failures="0" tests="1" name="com.servicepoints.testCases.TC08_VerifyAddingNewStore" time="27.718" errors="0" timestamp="2023-04-13T18:46:52 IST" skipped="0">
  <testcase classname="com.servicepoints.testCases.TC08_VerifyAddingNewStore" name="verifyAddStore" time="27.718"/>
  <system-out/>
</testsuite> <!-- com.servicepoints.testCases.TC08_VerifyAddingNewStore -->
