<?xml version="1.0" encoding="UTF-8"?>
<!-- Generated by org.testng.reporters.JUnitReportReporter -->
<testsuite hostname="Suraj" failures="0" tests="1" name="com.servicepoints.testCases.TC19_VerifyAcceptDispute" time="24.301" errors="0" timestamp="2023-04-30T17:15:04 IST" skipped="0">
  <testcase classname="com.servicepoints.testCases.TC19_VerifyAcceptDispute" name="verifyAcceptDispute" time="24.301"/>
  <system-out/>
</testsuite> <!-- com.servicepoints.testCases.TC19_VerifyAcceptDispute -->
