<?xml version="1.0" encoding="UTF-8"?>
<!-- Generated by org.testng.reporters.JUnitReportReporter -->
<testsuite hostname="sarasvati-Precision-Tower-3420" failures="0" tests="1" name="com.servicepoints.testCases.TC11_VerifySubmitQuoteTest" time="33.900" errors="0" timestamp="2023-04-13T11:03:22 IST" skipped="0">
  <testcase classname="com.servicepoints.testCases.TC11_VerifySubmitQuoteTest" name="verifySubmitQuote" time="33.900"/>
  <system-out/>
</testsuite> <!-- com.servicepoints.testCases.TC11_VerifySubmitQuoteTest -->
