<?xml version="1.0" encoding="UTF-8"?>
<!-- Generated by org.testng.reporters.JUnitReportReporter -->
<testsuite hostname="sarasvati-Precision-Tower-3420" failures="0" tests="10" name="com.servicepoints.testCases.TC60_VerifyChangeDiscountWithResendAndRefundFunctionality" time="579.298" errors="0" timestamp="2023-06-27T09:35:08 IST" skipped="0">
  <testcase classname="com.servicepoints.testCases.TC60_VerifyChangeDiscountWithResendAndRefundFunctionality" name="submitAndAcceptQuotation" time="59.826"/>
  <system-out/>
  <testcase classname="com.servicepoints.testCases.TC60_VerifyChangeDiscountWithResendAndRefundFunctionality" name="verifyAddTrackingOnProduct" time="56.525"/>
  <system-out/>
  <testcase classname="com.servicepoints.testCases.TC60_VerifyChangeDiscountWithResendAndRefundFunctionality" name="raiseResendDispute" time="64.155"/>
  <system-out/>
  <testcase classname="com.servicepoints.testCases.TC60_VerifyChangeDiscountWithResendAndRefundFunctionality" name="verifyAddTrackingOnProductAgain" time="52.390"/>
  <system-out/>
  <testcase classname="com.servicepoints.testCases.TC60_VerifyChangeDiscountWithResendAndRefundFunctionality" name="verifyAddingDiscount" time="75.439"/>
  <system-out/>
  <testcase classname="com.servicepoints.testCases.TC60_VerifyChangeDiscountWithResendAndRefundFunctionality" name="raiseRefundDispute" time="62.642"/>
  <system-out/>
  <testcase classname="com.servicepoints.testCases.TC60_VerifyChangeDiscountWithResendAndRefundFunctionality" name="raiseRefundDispute" time="63.922"/>
  <system-out/>
  <testcase classname="com.servicepoints.testCases.TC60_VerifyChangeDiscountWithResendAndRefundFunctionality" name="raiseRefundDispute" time="63.589"/>
  <system-out/>
  <testcase classname="com.servicepoints.testCases.TC60_VerifyChangeDiscountWithResendAndRefundFunctionality" name="verifyDiscountFromClientSide" time="54.903"/>
  <system-out/>
  <testcase classname="com.servicepoints.testCases.TC60_VerifyChangeDiscountWithResendAndRefundFunctionality" name="verifyAddingDiscountOnRemainingVariants" time="25.907"/>
  <system-out/>
</testsuite> <!-- com.servicepoints.testCases.TC60_VerifyChangeDiscountWithResendAndRefundFunctionality -->
