<?xml version="1.0" encoding="UTF-8"?>
<!-- Generated by org.testng.reporters.JUnitReportReporter -->
<testsuite hostname="sarasvati-Precision-Tower-3420" failures="0" tests="1" name="com.servicepoints.testCases.TC09_VerifyAcceptQuotation" time="28.370" errors="0" timestamp="2023-04-10T13:16:32 IST" skipped="0">
  <testcase classname="com.servicepoints.testCases.TC09_VerifyAcceptQuotation" name="verifyAcceptQuote" time="28.370"/>
  <system-out/>
</testsuite> <!-- com.servicepoints.testCases.TC09_VerifyAcceptQuotation -->
