<?xml version="1.0" encoding="UTF-8"?>
<!-- Generated by org.testng.reporters.JUnitReportReporter -->
<testsuite hostname="sarasvati-Precision-Tower-3420" failures="0" tests="1" name="com.servicepoints.testCases.TC26_VerifyAddTrackingAndResend" time="128.234" errors="0" timestamp="2023-04-27T10:16:29 IST" skipped="0">
  <testcase classname="com.servicepoints.testCases.TC26_VerifyAddTrackingAndResend" name="verifyAddTrackingAndResendProduct" time="128.234"/>
  <system-out/>
</testsuite> <!-- com.servicepoints.testCases.TC26_VerifyAddTrackingAndResend -->
