<?xml version="1.0" encoding="UTF-8"?>
<!-- Generated by org.testng.reporters.JUnitReportReporter -->
<testsuite hostname="sarasvati-Precision-Tower-3420" failures="0" tests="6" name="com.servicepoints.testCases.TC47_VerifyDisputeCantBeInReopenStateForTheOderStatusResend" time="310.886" errors="0" timestamp="2023-06-01T13:20:41 IST" skipped="0">
  <testcase classname="com.servicepoints.testCases.TC47_VerifyDisputeCantBeInReopenStateForTheOderStatusResend" name="submitAndAcceptQuotation" time="61.534"/>
  <system-out/>
  <testcase classname="com.servicepoints.testCases.TC47_VerifyDisputeCantBeInReopenStateForTheOderStatusResend" name="verifyOpenDispute" time="44.323"/>
  <system-out/>
  <testcase classname="com.servicepoints.testCases.TC47_VerifyDisputeCantBeInReopenStateForTheOderStatusResend" name="verifyRaisingAndAcceptingDisputeAgain" time="59.200"/>
  <system-out/>
  <testcase classname="com.servicepoints.testCases.TC47_VerifyDisputeCantBeInReopenStateForTheOderStatusResend" name="verifyRaiseDisputeAndAccept" time="62.037"/>
  <system-out/>
  <testcase classname="com.servicepoints.testCases.TC47_VerifyDisputeCantBeInReopenStateForTheOderStatusResend" name="verifyTryToReopenResendDispute" time="64.989"/>
  <system-out/>
  <testcase classname="com.servicepoints.testCases.TC47_VerifyDisputeCantBeInReopenStateForTheOderStatusResend" name="verifyRaiseDisputeForrRefund" time="18.803"/>
  <system-out/>
</testsuite> <!-- com.servicepoints.testCases.TC47_VerifyDisputeCantBeInReopenStateForTheOderStatusResend -->
