<?xml version="1.0" encoding="UTF-8"?>
<!-- Generated by org.testng.reporters.JUnitReportReporter -->
<testsuite hostname="Suraj" failures="0" tests="1" name="com.servicepoints.testCases.TC17_VerifyAddNewVarient" time="111.352" errors="0" timestamp="2023-04-30T17:15:04 IST" skipped="0">
  <testcase classname="com.servicepoints.testCases.TC17_VerifyAddNewVarient" name="verifyAddNewVarient" time="111.352"/>
  <system-out/>
</testsuite> <!-- com.servicepoints.testCases.TC17_VerifyAddNewVarient -->
