<?xml version="1.0" encoding="UTF-8"?>
<!-- Generated by org.testng.reporters.JUnitReportReporter -->
<testsuite hostname="sarasvati-Precision-Tower-3420" failures="0" tests="1" name="com.servicepoints.testCases.TC25_VerifyDisputeForConversation" time="99.443" errors="0" timestamp="2023-05-24T14:49:19 IST" skipped="0">
  <testcase classname="com.servicepoints.testCases.TC25_VerifyDisputeForConversation" name="verifyDisputeForConversation" time="99.443"/>
  <system-out/>
</testsuite> <!-- com.servicepoints.testCases.TC25_VerifyDisputeForConversation -->
