<?xml version="1.0" encoding="UTF-8"?>
<!-- Generated by org.testng.reporters.JUnitReportReporter -->
<testsuite hostname="sarasvati-Precision-Tower-3420" failures="0" tests="1" name="com.servicepoints.testCases.TC19_VerifyOpenDisputFunction" time="27.407" errors="0" timestamp="2023-07-12T11:03:54 IST" skipped="0">
  <testcase classname="com.servicepoints.testCases.TC19_VerifyOpenDisputFunction" name="verifyOpenDisputeTest" time="27.407"/>
  <system-out/>
</testsuite> <!-- com.servicepoints.testCases.TC19_VerifyOpenDisputFunction -->
