<?xml version="1.0" encoding="UTF-8"?>
<!-- Generated by org.testng.reporters.JUnitReportReporter -->
<testsuite hostname="sarasvati-Precision-Tower-3420" failures="0" tests="1" name="com.servicepoints.testCases.TC37_VerifyStopFulfillmentAndStartFulfillmentTest" time="113.317" errors="0" timestamp="2023-05-25T17:27:56 IST" skipped="0">
  <testcase classname="com.servicepoints.testCases.TC37_VerifyStopFulfillmentAndStartFulfillmentTest" name="verifyStopFulfillmentAndRequoteTest" time="113.317"/>
  <system-out/>
</testsuite> <!-- com.servicepoints.testCases.TC37_VerifyStopFulfillmentAndStartFulfillmentTest -->
