<?xml version="1.0" encoding="UTF-8"?>
<!-- Generated by org.testng.reporters.JUnitReportReporter -->
<testsuite hostname="sarasvati-Precision-Tower-3420" failures="0" tests="3" name="com.servicepoints.testCases.TC01_AdminLoginTest" time="16.709" errors="0" timestamp="2023-07-12T10:38:18 IST" skipped="0">
  <testcase classname="com.servicepoints.testCases.TC01_AdminLoginTest" name="verifyLoginWithInvalidCredentials" time="5.302"/>
  <system-out/>
  <testcase classname="com.servicepoints.testCases.TC01_AdminLoginTest" name="adminLoginTest" time="5.691"/>
  <system-out/>
  <testcase classname="com.servicepoints.testCases.TC01_AdminLoginTest" name="verifyErrorMsgAfterPassingWrongMailId" time="5.716"/>
  <system-out/>
</testsuite> <!-- com.servicepoints.testCases.TC01_AdminLoginTest -->
