<?xml version="1.0" encoding="UTF-8"?>
<!-- Generated by org.testng.reporters.JUnitReportReporter -->
<testsuite hostname="sarasvati-Precision-Tower-3420" failures="0" tests="6" name="com.servicepoints.testCases.TC66_VerifyProductPageOffSupportAndTeamleaderSideAnotherScenario" time="276.816" errors="0" timestamp="2023-07-07T15:15:16 IST" skipped="0">
  <testcase classname="com.servicepoints.testCases.TC66_VerifyProductPageOffSupportAndTeamleaderSideAnotherScenario" name="submitAndAcceptQuotation" time="79.070"/>
  <system-out/>
  <testcase classname="com.servicepoints.testCases.TC66_VerifyProductPageOffSupportAndTeamleaderSideAnotherScenario" name="stopFulfillmentByClient" time="36.736"/>
  <system-out/>
  <testcase classname="com.servicepoints.testCases.TC66_VerifyProductPageOffSupportAndTeamleaderSideAnotherScenario" name="startFulfillmentBySupport" time="36.917"/>
  <system-out/>
  <testcase classname="com.servicepoints.testCases.TC66_VerifyProductPageOffSupportAndTeamleaderSideAnotherScenario" name="requoteQuoteByClient" time="46.916"/>
  <system-out/>
  <testcase classname="com.servicepoints.testCases.TC66_VerifyProductPageOffSupportAndTeamleaderSideAnotherScenario" name="supplierSubmitQuotationAgain" time="40.527"/>
  <system-out/>
  <testcase classname="com.servicepoints.testCases.TC66_VerifyProductPageOffSupportAndTeamleaderSideAnotherScenario" name="acceptQuotationFromSupport" time="36.650"/>
  <system-out/>
</testsuite> <!-- com.servicepoints.testCases.TC66_VerifyProductPageOffSupportAndTeamleaderSideAnotherScenario -->
