<?xml version="1.0" encoding="UTF-8"?>
<!-- Generated by org.testng.reporters.JUnitReportReporter -->
<testsuite hostname="sarasvati-Precision-Tower-3420" failures="0" tests="1" name="com.servicepoints.testCases.TC22_VerifyCloseSpecialRequestFunction" time="28.892" errors="0" timestamp="2023-04-20T17:41:53 IST" skipped="0">
  <testcase classname="com.servicepoints.testCases.TC22_VerifyCloseSpecialRequestFunction" name="verifyCloseSpecialRequest" time="28.892"/>
  <system-out/>
</testsuite> <!-- com.servicepoints.testCases.TC22_VerifyCloseSpecialRequestFunction -->
