<?xml version="1.0" encoding="UTF-8"?>
<!-- Generated by org.testng.reporters.JUnitReportReporter -->
<testsuite hostname="sarasvati-Precision-Tower-3420" failures="0" tests="1" name="com.servicepoints.testCases.TC23_VerifyAddTrackingAndRefundDspFunction" time="167.190" errors="0" timestamp="2023-05-08T10:42:32 IST" skipped="0">
  <testcase classname="com.servicepoints.testCases.TC23_VerifyAddTrackingAndRefundDspFunction" name="verifyAddTrackingAndRefundDispute" time="167.190"/>
  <system-out/>
</testsuite> <!-- com.servicepoints.testCases.TC23_VerifyAddTrackingAndRefundDspFunction -->
