<?xml version="1.0" encoding="UTF-8"?>
<!-- Generated by org.testng.reporters.JUnitReportReporter -->
<testsuite hostname="sarasvati-Precision-Tower-3420" failures="0" tests="7" name="com.servicepoints.testCases.TC53_VerifyRaiseDisputeAfterClientStopsFulfillment" time="240.697" errors="0" timestamp="2023-06-16T09:46:09 IST" skipped="0">
  <testcase classname="com.servicepoints.testCases.TC53_VerifyRaiseDisputeAfterClientStopsFulfillment" name="submitAndAcceptQuotation" time="58.552"/>
  <system-out/>
  <testcase classname="com.servicepoints.testCases.TC53_VerifyRaiseDisputeAfterClientStopsFulfillment" name="verifyOpenDispute" time="27.208"/>
  <system-out/>
  <testcase classname="com.servicepoints.testCases.TC53_VerifyRaiseDisputeAfterClientStopsFulfillment" name="verifyStopFulfillment" time="40.981"/>
  <system-out/>
  <testcase classname="com.servicepoints.testCases.TC53_VerifyRaiseDisputeAfterClientStopsFulfillment" name="verifyDisputeOnSupplierSide" time="12.825"/>
  <system-out/>
  <testcase classname="com.servicepoints.testCases.TC53_VerifyRaiseDisputeAfterClientStopsFulfillment" name="verifyDisputeOnSupportSide" time="24.849"/>
  <system-out/>
  <testcase classname="com.servicepoints.testCases.TC53_VerifyRaiseDisputeAfterClientStopsFulfillment" name="verifyShowDisputeFromTeamleaderSide" time="26.921"/>
  <system-out/>
  <testcase classname="com.servicepoints.testCases.TC53_VerifyRaiseDisputeAfterClientStopsFulfillment" name="verifyStartFulfillment" time="49.361"/>
  <system-out/>
</testsuite> <!-- com.servicepoints.testCases.TC53_VerifyRaiseDisputeAfterClientStopsFulfillment -->
