<?xml version="1.0" encoding="UTF-8"?>
<!-- Generated by org.testng.reporters.JUnitReportReporter -->
<testsuite hostname="sarasvati-Precision-Tower-3420" failures="0" tests="1" name="com.servicepoints.testCases.TC10_VerifyUpdationOfStoreTest" time="23.904" errors="0" timestamp="2023-05-30T10:44:57 IST" skipped="0">
  <testcase classname="com.servicepoints.testCases.TC10_VerifyUpdationOfStoreTest" name="verifyUpdationOfStore" time="23.904"/>
  <system-out/>
</testsuite> <!-- com.servicepoints.testCases.TC10_VerifyUpdationOfStoreTest -->
