<?xml version="1.0" encoding="UTF-8"?>
<!-- Generated by org.testng.reporters.JUnitReportReporter -->
<testsuite hostname="sarasvati-Precision-Tower-3420" failures="0" tests="2" name="com.servicepoints.testCases.TC46_VerifyDisputeIsInOpenStateForTheOderHasTrackingNum" time="421.818" errors="0" timestamp="2023-05-29T15:54:58 IST" skipped="0">
  <testcase classname="com.servicepoints.testCases.TC46_VerifyDisputeIsInOpenStateForTheOderHasTrackingNum" name="verifyAddTrackingNumberAndReopenDeclinedDispute" time="42.893"/>
  <system-out/>
  <testcase classname="com.servicepoints.testCases.TC46_VerifyDisputeIsInOpenStateForTheOderHasTrackingNum" name="verifySubmitAndDeclinedDisputeAndReopenIt" time="378.925"/>
  <system-out/>
</testsuite> <!-- com.servicepoints.testCases.TC46_VerifyDisputeIsInOpenStateForTheOderHasTrackingNum -->
