<?xml version="1.0" encoding="UTF-8"?>
<!-- Generated by org.testng.reporters.JUnitReportReporter -->
<testsuite hostname="sarasvati-Precision-Tower-3420" failures="0" tests="1" name="com.servicepoints.testCases.TC20_VerifyOpenAcceptDisputeForOtherIssue" time="45.224" errors="0" timestamp="2023-04-26T19:16:27 IST" skipped="0">
  <testcase classname="com.servicepoints.testCases.TC20_VerifyOpenAcceptDisputeForOtherIssue" name="verifyOpenAcceptDsp" time="45.224"/>
  <system-out/>
</testsuite> <!-- com.servicepoints.testCases.TC20_VerifyOpenAcceptDisputeForOtherIssue -->
