<?xml version="1.0" encoding="UTF-8"?>
<!-- Generated by org.testng.reporters.JUnitReportReporter -->
<testsuite hostname="sarasvati-Precision-Tower-3420" failures="0" tests="5" name="com.servicepoints.testCases.TC62_VerifyRequotationLimitFromClientSide" time="394.616" errors="0" timestamp="2023-06-27T09:53:09 IST" skipped="1">
  <testcase classname="com.servicepoints.testCases.TC62_VerifyRequotationLimitFromClientSide" name="submitAndAcceptQuotation" time="59.744"/>
  <system-out/>
  <testcase classname="com.servicepoints.testCases.TC62_VerifyRequotationLimitFromClientSide" name="verifyRequoteQuotation" time="114.122"/>
  <system-out/>
  <testcase classname="com.servicepoints.testCases.TC62_VerifyRequotationLimitFromClientSide" name="verifyRequoteQuotation" time="114.653"/>
  <system-out/>
  <testcase classname="com.servicepoints.testCases.TC62_VerifyRequotationLimitFromClientSide" name="verifyMessageWhenClientTryToRequoteTwoTimes" time="106.097"/>
  <system-out/>
  <testcase classname="com.servicepoints.testCases.TC62_VerifyRequotationLimitFromClientSide" name="verifyRequotationLimitAfterAddingVariant">
    <skipped/>
  </testcase> <!-- verifyRequotationLimitAfterAddingVariant -->
  <system-out/>
</testsuite> <!-- com.servicepoints.testCases.TC62_VerifyRequotationLimitFromClientSide -->
