<?xml version="1.0" encoding="UTF-8"?>
<!-- Generated by org.testng.reporters.JUnitReportReporter -->
<testsuite hostname="sarasvati-Precision-Tower-3420" failures="0" tests="1" name="com.servicepoints.testCases.TC18_VerifyOpenDisputFunction" time="23.907" errors="0" timestamp="2023-04-28T14:41:33 IST" skipped="0">
  <testcase classname="com.servicepoints.testCases.TC18_VerifyOpenDisputFunction" name="verifyOpenDispute" time="23.907"/>
  <system-out/>
</testsuite> <!-- com.servicepoints.testCases.TC18_VerifyOpenDisputFunction -->
