<?xml version="1.0" encoding="UTF-8"?>
<!-- Generated by org.testng.reporters.JUnitReportReporter -->
<testsuite hostname="Suraj" failures="0" tests="1" name="com.servicepoints.testCases.TC33_VerifyPaymentPendingOrderOffTest" time="163.623" errors="0" timestamp="2023-05-15T23:07:42 IST" skipped="0">
  <testcase classname="com.servicepoints.testCases.TC33_VerifyPaymentPendingOrderOffTest" name="verifyPaymentPendingOrder" time="163.623"/>
  <system-out/>
</testsuite> <!-- com.servicepoints.testCases.TC33_VerifyPaymentPendingOrderOffTest -->
