<?xml version="1.0" encoding="UTF-8"?>
<!-- Generated by org.testng.reporters.JUnitReportReporter -->
<testsuite hostname="sarasvati-Precision-Tower-3420" failures="0" tests="2" name="com.servicepoints.testCases.TC55_VerifyAddDiscountFunctionality" time="143.208" errors="0" timestamp="2023-06-23T13:27:14 IST" skipped="0">
  <testcase classname="com.servicepoints.testCases.TC55_VerifyAddDiscountFunctionality" name="submitAndAcceptQuotation" time="59.666"/>
  <system-out/>
  <testcase classname="com.servicepoints.testCases.TC55_VerifyAddDiscountFunctionality" name="verifyAddTrackingAndResendProduct" time="83.542"/>
  <system-out/>
</testsuite> <!-- com.servicepoints.testCases.TC55_VerifyAddDiscountFunctionality -->
