<?xml version="1.0" encoding="UTF-8"?>
<!-- Generated by org.testng.reporters.JUnitReportReporter -->
<testsuite hostname="sarasvati-Precision-Tower-3420" failures="0" tests="1" name="com.servicepoints.testCases.TC38_VerifyRequoteQuotationTest" time="61.190" errors="0" timestamp="2023-06-13T17:12:07 IST" skipped="0">
  <testcase classname="com.servicepoints.testCases.TC38_VerifyRequoteQuotationTest" name="verifyRequoteQuotation" time="61.190"/>
  <system-out/>
</testsuite> <!-- com.servicepoints.testCases.TC38_VerifyRequoteQuotationTest -->
