<?xml version="1.0" encoding="UTF-8"?>
<!-- Generated by org.testng.reporters.JUnitReportReporter -->
<testsuite hostname="sarasvati-Precision-Tower-3420" failures="0" tests="1" name="com.servicepoints.testCases.TC28_VerifySpecialRequestFunction" time="25.902" errors="0" timestamp="2023-05-01T10:44:54 IST" skipped="0">
  <testcase classname="com.servicepoints.testCases.TC28_VerifySpecialRequestFunction" name="verifySpecialRequest" time="25.902"/>
  <system-out/>
</testsuite> <!-- com.servicepoints.testCases.TC28_VerifySpecialRequestFunction -->
