<?xml version="1.0" encoding="UTF-8"?>
<!-- Generated by org.testng.reporters.JUnitReportReporter -->
<testsuite hostname="sarasvati-Precision-Tower-3420" failures="0" tests="1" name="com.servicepoints.testCases.TC21_VerifyDeclinedDisputeFunction" time="53.421" errors="0" timestamp="2023-04-28T14:41:33 IST" skipped="0">
  <testcase classname="com.servicepoints.testCases.TC21_VerifyDeclinedDisputeFunction" name="verifyPaymentPendingOrder" time="53.421"/>
  <system-out/>
</testsuite> <!-- com.servicepoints.testCases.TC21_VerifyDeclinedDisputeFunction -->
