<?xml version="1.0" encoding="UTF-8"?>
<!-- Generated by org.testng.reporters.JUnitReportReporter -->
<testsuite hostname="sarasvati-Precision-Tower-3420" failures="0" tests="1" name="com.servicepoints.testCases.TC29_VerifySpecialRequestFunction" time="26.488" errors="0" timestamp="2023-07-12T13:19:50 IST" skipped="0">
  <testcase classname="com.servicepoints.testCases.TC29_VerifySpecialRequestFunction" name="verifySpecialRequestTest" time="26.488"/>
  <system-out/>
</testsuite> <!-- com.servicepoints.testCases.TC29_VerifySpecialRequestFunction -->
