<?xml version="1.0" encoding="UTF-8"?>
<!-- Generated by org.testng.reporters.JUnitReportReporter -->
<testsuite hostname="sarasvati-Precision-Tower-3420" failures="0" tests="4" name="com.servicepoints.testCases.TC62_VerifyRequotationLimitFromClientSide" time="30.314" errors="0" timestamp="2023-06-30T13:14:25 IST" skipped="3">
  <testcase classname="com.servicepoints.testCases.TC62_VerifyRequotationLimitFromClientSide" name="verifyRequotationLimitAfterAddingVariant" time="30.314"/>
  <system-out/>
  <testcase classname="com.servicepoints.testCases.TC62_VerifyRequotationLimitFromClientSide" name="verifyRequoteQuotation">
    <skipped/>
  </testcase> <!-- verifyRequoteQuotation -->
  <system-out/>
  <testcase classname="com.servicepoints.testCases.TC62_VerifyRequotationLimitFromClientSide" name="verifyMessageWhenClientTryToRequoteTwoTimes">
    <skipped/>
  </testcase> <!-- verifyMessageWhenClientTryToRequoteTwoTimes -->
  <system-out/>
  <testcase classname="com.servicepoints.testCases.TC62_VerifyRequotationLimitFromClientSide" name="submitAndAcceptQuotation">
    <skipped/>
  </testcase> <!-- submitAndAcceptQuotation -->
  <system-out/>
</testsuite> <!-- com.servicepoints.testCases.TC62_VerifyRequotationLimitFromClientSide -->
