<?xml version="1.0" encoding="UTF-8"?>
<!-- Generated by org.testng.reporters.JUnitReportReporter -->
<testsuite hostname="sarasvati-Precision-Tower-3420" failures="0" tests="1" name="com.servicepoints.testCases.TC17_VerifyAddNewVarient" time="87.787" errors="0" timestamp="2023-04-18T10:05:10 IST" skipped="0">
  <testcase classname="com.servicepoints.testCases.TC17_VerifyAddNewVarient" name="verifyAddNewVarient" time="87.787"/>
  <system-out/>
</testsuite> <!-- com.servicepoints.testCases.TC17_VerifyAddNewVarient -->
