<?xml version="1.0" encoding="UTF-8"?>
<!-- Generated by org.testng.reporters.JUnitReportReporter -->
<testsuite hostname="sarasvati-Precision-Tower-3420" failures="0" tests="1" name="com.servicepoints.testCases.TC18_VerifyCancelOrderFunctionality" time="75.967" errors="0" timestamp="2023-06-26T12:41:26 IST" skipped="0">
  <testcase classname="com.servicepoints.testCases.TC18_VerifyCancelOrderFunctionality" name="verifyCancelOrderFunctionality" time="75.967"/>
  <system-out/>
</testsuite> <!-- com.servicepoints.testCases.TC18_VerifyCancelOrderFunctionality -->
