<?xml version="1.0" encoding="UTF-8"?>
<!-- Generated by org.testng.reporters.JUnitReportReporter -->
<testsuite hostname="sarasvati-Precision-Tower-3420" failures="0" tests="6" name="com.servicepoints.testCases.TC56_VerifyDiscountFunctionalityWithRefund" time="325.982" errors="0" timestamp="2023-07-11T14:49:10 IST" skipped="0">
  <testcase classname="com.servicepoints.testCases.TC56_VerifyDiscountFunctionalityWithRefund" name="submitAndAcceptQuotation" time="57.229"/>
  <system-out/>
  <testcase classname="com.servicepoints.testCases.TC56_VerifyDiscountFunctionalityWithRefund" name="verifyAddTrackingAndResendProduct" time="82.930"/>
  <system-out/>
  <testcase classname="com.servicepoints.testCases.TC56_VerifyDiscountFunctionalityWithRefund" name="raiseRefundDispute" time="57.750"/>
  <system-out/>
  <testcase classname="com.servicepoints.testCases.TC56_VerifyDiscountFunctionalityWithRefund" name="raiseRefundDispute" time="57.469"/>
  <system-out/>
  <testcase classname="com.servicepoints.testCases.TC56_VerifyDiscountFunctionalityWithRefund" name="raiseRefundDispute" time="57.524"/>
  <system-out/>
  <testcase classname="com.servicepoints.testCases.TC56_VerifyDiscountFunctionalityWithRefund" name="verifyDiscountFromClientSide" time="13.080"/>
  <system-out/>
</testsuite> <!-- com.servicepoints.testCases.TC56_VerifyDiscountFunctionalityWithRefund -->
