<?xml version="1.0" encoding="UTF-8"?>
<!-- Generated by org.testng.reporters.JUnitReportReporter -->
<testsuite hostname="sarasvati-Precision-Tower-3420" failures="0" tests="6" name="com.servicepoints.testCases.TC59_VerifySupplierShouldAbleToChangeTheDiscount" time="330.533" errors="0" timestamp="2023-07-11T15:18:31 IST" skipped="0">
  <testcase classname="com.servicepoints.testCases.TC59_VerifySupplierShouldAbleToChangeTheDiscount" name="submitAndAcceptQuotation" time="57.467"/>
  <system-out/>
  <testcase classname="com.servicepoints.testCases.TC59_VerifySupplierShouldAbleToChangeTheDiscount" name="verifyAddTrackingOnProduct" time="58.565"/>
  <system-out/>
  <testcase classname="com.servicepoints.testCases.TC59_VerifySupplierShouldAbleToChangeTheDiscount" name="verifyAddingDiscount" time="73.409"/>
  <system-out/>
  <testcase classname="com.servicepoints.testCases.TC59_VerifySupplierShouldAbleToChangeTheDiscount" name="raiseRefundDispute" time="57.562"/>
  <system-out/>
  <testcase classname="com.servicepoints.testCases.TC59_VerifySupplierShouldAbleToChangeTheDiscount" name="raiseRefundDispute" time="57.335"/>
  <system-out/>
  <testcase classname="com.servicepoints.testCases.TC59_VerifySupplierShouldAbleToChangeTheDiscount" name="verifyDiscountFromClientSide" time="26.195"/>
  <system-out/>
</testsuite> <!-- com.servicepoints.testCases.TC59_VerifySupplierShouldAbleToChangeTheDiscount -->
