<?xml version="1.0" encoding="UTF-8"?>
<!-- Generated by org.testng.reporters.JUnitReportReporter -->
<testsuite hostname="sarasvati-Precision-Tower-3420" failures="0" tests="6" name="com.servicepoints.testCases.TC61_VerifyChangeDiscountWithRefundFunctionality" time="97.169" errors="0" timestamp="2023-06-19T16:58:46 IST" skipped="4">
  <testcase classname="com.servicepoints.testCases.TC61_VerifyChangeDiscountWithRefundFunctionality" name="raiseRefundDisputeAgain" time="61.588"/>
  <system-out/>
  <testcase classname="com.servicepoints.testCases.TC61_VerifyChangeDiscountWithRefundFunctionality" name="verifyDiscountFromClientSide" time="35.581"/>
  <system-out/>
  <testcase classname="com.servicepoints.testCases.TC61_VerifyChangeDiscountWithRefundFunctionality" name="verifyAddTrackingOnProduct">
    <skipped/>
  </testcase> <!-- verifyAddTrackingOnProduct -->
  <system-out/>
  <testcase classname="com.servicepoints.testCases.TC61_VerifyChangeDiscountWithRefundFunctionality" name="raiseRefundDispute">
    <skipped/>
  </testcase> <!-- raiseRefundDispute -->
  <system-out/>
  <testcase classname="com.servicepoints.testCases.TC61_VerifyChangeDiscountWithRefundFunctionality" name="submitAndAcceptQuotation">
    <skipped/>
  </testcase> <!-- submitAndAcceptQuotation -->
  <system-out/>
  <testcase classname="com.servicepoints.testCases.TC61_VerifyChangeDiscountWithRefundFunctionality" name="verifyAddingDiscount">
    <skipped/>
  </testcase> <!-- verifyAddingDiscount -->
  <system-out/>
</testsuite> <!-- com.servicepoints.testCases.TC61_VerifyChangeDiscountWithRefundFunctionality -->
