<?xml version="1.0" encoding="UTF-8"?>
<!-- Generated by org.testng.reporters.JUnitReportReporter -->
<testsuite hostname="sarasvati-Precision-Tower-3420" failures="0" tests="1" name="com.servicepoints.testCases.TC14_VerifyExcludeFunctionTest" time="65.896" errors="0" timestamp="2023-04-26T18:29:36 IST" skipped="0">
  <testcase classname="com.servicepoints.testCases.TC14_VerifyExcludeFunctionTest" name="verifyExcludeQuotationFunction" time="65.896"/>
  <system-out/>
</testsuite> <!-- com.servicepoints.testCases.TC14_VerifyExcludeFunctionTest -->
