<?xml version="1.0" encoding="UTF-8"?>
<!-- Generated by org.testng.reporters.JUnitReportReporter -->
<testsuite hostname="sarasvati-Precision-Tower-3420" failures="0" tests="1" name="com.servicepoints.testCases.TC03_UserSignUpTest" time="23.657" errors="0" timestamp="2023-06-08T13:05:35 IST" skipped="0">
  <testcase classname="com.servicepoints.testCases.TC03_UserSignUpTest" name="testUserSignUp" time="23.657"/>
  <system-out/>
</testsuite> <!-- com.servicepoints.testCases.TC03_UserSignUpTest -->
