<?xml version="1.0" encoding="UTF-8"?>
<!-- Generated by org.testng.reporters.JUnitReportReporter -->
<testsuite hostname="sarasvati-Precision-Tower-3420" failures="0" tests="1" name="com.servicepoints.testCases.TC23_VerifyAddTrackingAndRefundDspFunction" time="146.516" errors="0" timestamp="2023-06-26T13:05:18 IST" skipped="0">
  <testcase classname="com.servicepoints.testCases.TC23_VerifyAddTrackingAndRefundDspFunction" name="verifyAddTrackingAndRefundDispute" time="146.516"/>
  <system-out/>
</testsuite> <!-- com.servicepoints.testCases.TC23_VerifyAddTrackingAndRefundDspFunction -->
