<?xml version="1.0" encoding="UTF-8"?>
<!-- Generated by org.testng.reporters.JUnitReportReporter -->
<testsuite hostname="sarasvati-Precision-Tower-3420" failures="0" tests="6" name="com.servicepoints.testCases.TC56_VerifyDiscountFunctionalityWithRefund" time="390.210" errors="0" timestamp="2023-06-19T15:02:09 IST" skipped="0">
  <testcase classname="com.servicepoints.testCases.TC56_VerifyDiscountFunctionalityWithRefund" name="submitAndAcceptQuotation" time="61.746"/>
  <system-out/>
  <testcase classname="com.servicepoints.testCases.TC56_VerifyDiscountFunctionalityWithRefund" name="verifyAddTrackingAndResendProduct" time="102.461"/>
  <system-out/>
  <testcase classname="com.servicepoints.testCases.TC56_VerifyDiscountFunctionalityWithRefund" name="raiseRefundDispute" time="72.968"/>
  <system-out/>
  <testcase classname="com.servicepoints.testCases.TC56_VerifyDiscountFunctionalityWithRefund" name="raiseRefundDispute" time="67.210"/>
  <system-out/>
  <testcase classname="com.servicepoints.testCases.TC56_VerifyDiscountFunctionalityWithRefund" name="raiseRefundDispute" time="68.940"/>
  <system-out/>
  <testcase classname="com.servicepoints.testCases.TC56_VerifyDiscountFunctionalityWithRefund" name="verifyDiscountFromClientSide" time="16.885"/>
  <system-out/>
</testsuite> <!-- com.servicepoints.testCases.TC56_VerifyDiscountFunctionalityWithRefund -->
