<?xml version="1.0" encoding="UTF-8"?>
<!-- Generated by org.testng.reporters.JUnitReportReporter -->
<testsuite hostname="sarasvati-Precision-Tower-3420" failures="0" tests="1" name="com.servicepoints.testCases.TC19_VerifyAcceptDispute" time="22.813" errors="0" timestamp="2023-04-18T17:30:56 IST" skipped="0">
  <testcase classname="com.servicepoints.testCases.TC19_VerifyAcceptDispute" name="verifyAcceptDispute" time="22.813"/>
  <system-out/>
</testsuite> <!-- com.servicepoints.testCases.TC19_VerifyAcceptDispute -->
