<?xml version="1.0" encoding="UTF-8"?>
<!-- Generated by org.testng.reporters.JUnitReportReporter -->
<testsuite hostname="sarasvati-Precision-Tower-3420" failures="0" tests="1" name="com.servicepoints.testCases.TC04_VerifyClientApprovalTest" time="38.575" errors="0" timestamp="2023-05-29T18:31:42 IST" skipped="0">
  <testcase classname="com.servicepoints.testCases.TC04_VerifyClientApprovalTest" name="verifyClientApprovalTest" time="38.575"/>
  <system-out/>
</testsuite> <!-- com.servicepoints.testCases.TC04_VerifyClientApprovalTest -->
