<?xml version="1.0" encoding="UTF-8"?>
<!-- Generated by org.testng.reporters.JUnitReportReporter -->
<testsuite hostname="sarasvati-Precision-Tower-3420" failures="0" tests="1" name="com.servicepoints.testCases.TC07_VerifyClientApprovalTest" time="42.065" errors="0" timestamp="2023-06-12T13:07:22 IST" skipped="0">
  <testcase classname="com.servicepoints.testCases.TC07_VerifyClientApprovalTest" name="verifyClientApprovalTest" time="42.065"/>
  <system-out/>
</testsuite> <!-- com.servicepoints.testCases.TC07_VerifyClientApprovalTest -->
