<?xml version="1.0" encoding="UTF-8"?>
<!-- Generated by org.testng.reporters.JUnitReportReporter -->
<testsuite hostname="sarasvati-Precision-Tower-3420" failures="0" tests="5" name="com.servicepoints.testCases.TC62_VerifyRequotationLimitFromClientSide" time="410.265" errors="0" timestamp="2023-06-21T16:31:07 IST" skipped="1">
  <testcase classname="com.servicepoints.testCases.TC62_VerifyRequotationLimitFromClientSide" name="submitAndAcceptQuotation" time="65.918"/>
  <system-out/>
  <testcase classname="com.servicepoints.testCases.TC62_VerifyRequotationLimitFromClientSide" name="verifyRequoteQuotation" time="115.991"/>
  <system-out/>
  <testcase classname="com.servicepoints.testCases.TC62_VerifyRequotationLimitFromClientSide" name="verifyRequoteQuotation" time="115.888"/>
  <system-out/>
  <testcase classname="com.servicepoints.testCases.TC62_VerifyRequotationLimitFromClientSide" name="verifyMessageWhenClientTryToRequoteTwoTimes" time="112.468"/>
  <system-out/>
  <testcase classname="com.servicepoints.testCases.TC62_VerifyRequotationLimitFromClientSide" name="verifyRequotationLimitAfterAddingVariant">
    <skipped/>
  </testcase> <!-- verifyRequotationLimitAfterAddingVariant -->
  <system-out/>
</testsuite> <!-- com.servicepoints.testCases.TC62_VerifyRequotationLimitFromClientSide -->
