<?xml version="1.0" encoding="UTF-8"?>
<!-- Generated by org.testng.reporters.JUnitReportReporter -->
<testsuite hostname="sarasvati-Precision-Tower-3420" failures="0" tests="1" name="com.servicepoints.testCases.TC02_VerifyClientLoginTest" time="26.701" errors="0" timestamp="2023-04-10T19:20:43 IST" skipped="0">
  <testcase classname="com.servicepoints.testCases.TC02_VerifyClientLoginTest" name="verifyClientLogin" time="26.701"/>
  <system-out/>
</testsuite> <!-- com.servicepoints.testCases.TC02_VerifyClientLoginTest -->
