<?xml version="1.0" encoding="UTF-8"?>
<!-- Generated by org.testng.reporters.JUnitReportReporter -->
<testsuite hostname="sarasvati-Precision-Tower-3420" failures="0" tests="1" name="com.servicepoints.testCases.TC04_VerifyAddAgentSupBySupplier" time="32.869" errors="0" timestamp="2023-06-12T13:13:45 IST" skipped="0">
  <testcase classname="com.servicepoints.testCases.TC04_VerifyAddAgentSupBySupplier" name="verifyAddAgentSUP" time="32.869"/>
  <system-out/>
</testsuite> <!-- com.servicepoints.testCases.TC04_VerifyAddAgentSupBySupplier -->
