<?xml version="1.0" encoding="UTF-8"?>
<!-- Generated by org.testng.reporters.JUnitReportReporter -->
<testsuite hostname="sarasvati-Precision-Tower-3420" failures="0" tests="5" name="com.servicepoints.testCases.TC69_VerifyProductsPageOfSupportAndTeamleaderSideForAddNewVariant" time="56.831" errors="0" timestamp="2023-07-07T09:41:16 IST" skipped="4">
  <testcase classname="com.servicepoints.testCases.TC69_VerifyProductsPageOfSupportAndTeamleaderSideForAddNewVariant" name="verifyAcceptQuotationByTeamleader" time="56.831"/>
  <system-out/>
  <testcase classname="com.servicepoints.testCases.TC69_VerifyProductsPageOfSupportAndTeamleaderSideForAddNewVariant" name="startFulfillmentBySupport">
    <skipped/>
  </testcase> <!-- startFulfillmentBySupport -->
  <system-out/>
  <testcase classname="com.servicepoints.testCases.TC69_VerifyProductsPageOfSupportAndTeamleaderSideForAddNewVariant" name="submitAndAcceptQuotation">
    <skipped/>
  </testcase> <!-- submitAndAcceptQuotation -->
  <system-out/>
  <testcase classname="com.servicepoints.testCases.TC69_VerifyProductsPageOfSupportAndTeamleaderSideForAddNewVariant" name="verifyUnableQuotationBySupplier">
    <skipped/>
  </testcase> <!-- verifyUnableQuotationBySupplier -->
  <system-out/>
  <testcase classname="com.servicepoints.testCases.TC69_VerifyProductsPageOfSupportAndTeamleaderSideForAddNewVariant" name="verifyDisableQuotationBySupplier">
    <skipped/>
  </testcase> <!-- verifyDisableQuotationBySupplier -->
  <system-out/>
</testsuite> <!-- com.servicepoints.testCases.TC69_VerifyProductsPageOfSupportAndTeamleaderSideForAddNewVariant -->
