<?xml version="1.0" encoding="UTF-8"?>
<!-- Generated by org.testng.reporters.JUnitReportReporter -->
<testsuite hostname="sarasvati-Precision-Tower-3420" failures="0" tests="1" name="com.servicepoints.testCases.TC32_VerifyClientPaymentApproveByAdmin" time="32.582" errors="0" timestamp="2023-05-04T18:41:59 IST" skipped="0">
  <testcase classname="com.servicepoints.testCases.TC32_VerifyClientPaymentApproveByAdmin" name="verifyClientPaymentApprovedByAdmin" time="32.582"/>
  <system-out/>
</testsuite> <!-- com.servicepoints.testCases.TC32_VerifyClientPaymentApproveByAdmin -->
