<?xml version="1.0" encoding="UTF-8"?>
<!-- Generated by org.testng.reporters.JUnitReportReporter -->
<testsuite hostname="sarasvati-Precision-Tower-3420" failures="0" tests="1" name="com.servicepoints.testCases.TC20_VerifyAcceptDispute" time="52.867" errors="0" timestamp="2023-06-26T12:53:57 IST" skipped="0">
  <testcase classname="com.servicepoints.testCases.TC20_VerifyAcceptDispute" name="verifyAcceptDisputeTest" time="52.867"/>
  <system-out/>
</testsuite> <!-- com.servicepoints.testCases.TC20_VerifyAcceptDispute -->
