<?xml version="1.0" encoding="UTF-8"?>
<!-- Generated by org.testng.reporters.JUnitReportReporter -->
<testsuite hostname="sarasvati-Precision-Tower-3420" failures="0" tests="1" name="com.servicepoints.testCases.TC31_VerifyCancelOrderFunctionality" time="102.455" errors="0" timestamp="2023-05-01T15:25:08 IST" skipped="0">
  <testcase classname="com.servicepoints.testCases.TC31_VerifyCancelOrderFunctionality" name="verifyCancelOrderFunctionality" time="102.455"/>
  <system-out/>
</testsuite> <!-- com.servicepoints.testCases.TC31_VerifyCancelOrderFunctionality -->
