<?xml version="1.0" encoding="UTF-8"?>
<!-- Generated by org.testng.reporters.JUnitReportReporter -->
<testsuite hostname="sarasvati-Precision-Tower-3420" failures="0" tests="1" name="com.servicepoints.testCases.TC_VerifyUpdationOfStore" time="20.979" errors="0" timestamp="2023-04-11T12:48:58 IST" skipped="0">
  <testcase classname="com.servicepoints.testCases.TC_VerifyUpdationOfStore" name="verifyUpdatingStore" time="20.979"/>
  <system-out/>
</testsuite> <!-- com.servicepoints.testCases.TC_VerifyUpdationOfStore -->
