<?xml version="1.0" encoding="UTF-8"?>
<!-- Generated by org.testng.reporters.JUnitReportReporter -->
<testsuite hostname="sarasvati-Precision-Tower-3420" failures="0" tests="1" name="com.servicepoints.testCases.TC29_VerifySpecialRequestFunction" time="27.898" errors="0" timestamp="2023-06-26T16:34:18 IST" skipped="0">
  <testcase classname="com.servicepoints.testCases.TC29_VerifySpecialRequestFunction" name="verifySpecialRequestTest" time="27.898"/>
  <system-out/>
</testsuite> <!-- com.servicepoints.testCases.TC29_VerifySpecialRequestFunction -->
