<?xml version="1.0" encoding="UTF-8"?>
<!-- Generated by org.testng.reporters.JUnitReportReporter -->
<testsuite hostname="sarasvati-Precision-Tower-3420" failures="0" tests="1" name="com.servicepoints.testCases.TC20_VerifyOpenAcceptDisputeForOtherIssue" time="44.802" errors="0" timestamp="2023-04-19T13:09:24 IST" skipped="0">
  <testcase classname="com.servicepoints.testCases.TC20_VerifyOpenAcceptDisputeForOtherIssue" name="verifyOpenAcceptDsp" time="44.802"/>
  <system-out/>
</testsuite> <!-- com.servicepoints.testCases.TC20_VerifyOpenAcceptDisputeForOtherIssue -->
