<?xml version="1.0" encoding="UTF-8"?>
<!-- Generated by org.testng.reporters.JUnitReportReporter -->
<testsuite hostname="sarasvati-Precision-Tower-3420" failures="0" tests="1" name="com.servicepoints.testCases.TC15_verifyAskForPriceChange" time="65.183" errors="0" timestamp="2023-04-25T17:22:44 IST" skipped="0">
  <testcase classname="com.servicepoints.testCases.TC15_verifyAskForPriceChange" name="verifyAskForPriceChange" time="65.183"/>
  <system-out/>
</testsuite> <!-- com.servicepoints.testCases.TC15_verifyAskForPriceChange -->
