<?xml version="1.0" encoding="UTF-8"?>
<!-- Generated by org.testng.reporters.JUnitReportReporter -->
<testsuite hostname="sarasvati-Precision-Tower-3420" failures="0" tests="1" name="com.servicepoints.testCases.TC20_VerifyOpenAcceptDisputeForOtherIssue" time="44.336" errors="0" timestamp="2023-04-24T15:50:47 IST" skipped="0">
  <testcase classname="com.servicepoints.testCases.TC20_VerifyOpenAcceptDisputeForOtherIssue" name="verifyOpenAcceptDsp" time="44.336"/>
  <system-out/>
</testsuite> <!-- com.servicepoints.testCases.TC20_VerifyOpenAcceptDisputeForOtherIssue -->
