<?xml version="1.0" encoding="UTF-8"?>
<!-- Generated by org.testng.reporters.JUnitReportReporter -->
<testsuite hostname="sarasvati-Precision-Tower-3420" failures="0" tests="2" name="com.servicepoints.testCases.TC46_VerifyDisputeIsInOpenStateForTheOderHasTrackingNum" time="428.595" errors="0" timestamp="2023-06-27T14:51:29 IST" skipped="0">
  <testcase classname="com.servicepoints.testCases.TC46_VerifyDisputeIsInOpenStateForTheOderHasTrackingNum" name="verifyAddTrackingNumberAndReopenDeclinedDispute" time="41.694"/>
  <system-out/>
  <testcase classname="com.servicepoints.testCases.TC46_VerifyDisputeIsInOpenStateForTheOderHasTrackingNum" name="verifySubmitAndDeclinedDisputeAndReopenIt" time="386.901"/>
  <system-out/>
</testsuite> <!-- com.servicepoints.testCases.TC46_VerifyDisputeIsInOpenStateForTheOderHasTrackingNum -->
