<?xml version="1.0" encoding="UTF-8"?>
<!-- Generated by org.testng.reporters.JUnitReportReporter -->
<testsuite hostname="sarasvati-Precision-Tower-3420" failures="0" tests="1" name="com.servicepoints.testCases.TC25_VerifyDisputeForConversation" time="96.528" errors="0" timestamp="2023-07-12T12:30:48 IST" skipped="0">
  <testcase classname="com.servicepoints.testCases.TC25_VerifyDisputeForConversation" name="verifyDisputeForConversation" time="96.528"/>
  <system-out/>
</testsuite> <!-- com.servicepoints.testCases.TC25_VerifyDisputeForConversation -->
