<?xml version="1.0" encoding="UTF-8"?>
<!-- Generated by org.testng.reporters.JUnitReportReporter -->
<testsuite hostname="sarasvati-Precision-Tower-3420" failures="0" tests="2" name="com.servicepoints.testCases.TC56_VerifyAddDiscountFunctionality" time="117.140" errors="0" timestamp="2023-06-08T18:53:32 IST" skipped="0">
  <testcase classname="com.servicepoints.testCases.TC56_VerifyAddDiscountFunctionality" name="submitAndAcceptQuotation" time="59.281"/>
  <system-out/>
  <testcase classname="com.servicepoints.testCases.TC56_VerifyAddDiscountFunctionality" name="verifyAddTrackingAndResendProduct" time="57.859"/>
  <system-out/>
</testsuite> <!-- com.servicepoints.testCases.TC56_VerifyAddDiscountFunctionality -->
