<?xml version="1.0" encoding="UTF-8"?>
<!-- Generated by org.testng.reporters.JUnitReportReporter -->
<testsuite hostname="sarasvati-Precision-Tower-3420" failures="0" tests="1" name="com.servicepoints.testCases.TC13_VerifyAcceptQuotationTest" time="29.981" errors="0" timestamp="2023-05-10T13:16:28 IST" skipped="0">
  <testcase classname="com.servicepoints.testCases.TC13_VerifyAcceptQuotationTest" name="verifyAcceptQuoteTest" time="29.981"/>
  <system-out/>
</testsuite> <!-- com.servicepoints.testCases.TC13_VerifyAcceptQuotationTest -->
