<?xml version="1.0" encoding="UTF-8"?>
<!-- Generated by org.testng.reporters.JUnitReportReporter -->
<testsuite hostname="sarasvati-Precision-Tower-3420" failures="0" tests="6" name="com.servicepoints.testCases.TC59_VerifySupplierShouldAbleToChangeTheDiscount" time="372.763" errors="0" timestamp="2023-06-23T18:06:11 IST" skipped="0">
  <testcase classname="com.servicepoints.testCases.TC59_VerifySupplierShouldAbleToChangeTheDiscount" name="submitAndAcceptQuotation" time="61.318"/>
  <system-out/>
  <testcase classname="com.servicepoints.testCases.TC59_VerifySupplierShouldAbleToChangeTheDiscount" name="verifyAddTrackingOnProduct" time="45.235"/>
  <system-out/>
  <testcase classname="com.servicepoints.testCases.TC59_VerifySupplierShouldAbleToChangeTheDiscount" name="verifyAddingDiscount" time="77.722"/>
  <system-out/>
  <testcase classname="com.servicepoints.testCases.TC59_VerifySupplierShouldAbleToChangeTheDiscount" name="raiseRefundDispute" time="65.303"/>
  <system-out/>
  <testcase classname="com.servicepoints.testCases.TC59_VerifySupplierShouldAbleToChangeTheDiscount" name="raiseRefundDispute" time="66.078"/>
  <system-out/>
  <testcase classname="com.servicepoints.testCases.TC59_VerifySupplierShouldAbleToChangeTheDiscount" name="verifyDiscountFromClientSide" time="57.107"/>
  <system-out/>
</testsuite> <!-- com.servicepoints.testCases.TC59_VerifySupplierShouldAbleToChangeTheDiscount -->
