<?xml version="1.0" encoding="UTF-8"?>
<!-- Generated by org.testng.reporters.JUnitReportReporter -->
<testsuite hostname="sarasvati-Precision-Tower-3420" failures="0" tests="1" name="com.servicepoints.testCases.TC27_VerifyAddTrackingAndResend" time="137.181" errors="0" timestamp="2023-07-12T12:49:07 IST" skipped="0">
  <testcase classname="com.servicepoints.testCases.TC27_VerifyAddTrackingAndResend" name="verifyAddTrackingAndResendProduct" time="137.181"/>
  <system-out/>
</testsuite> <!-- com.servicepoints.testCases.TC27_VerifyAddTrackingAndResend -->
