<?xml version="1.0" encoding="UTF-8"?>
<!-- Generated by org.testng.reporters.JUnitReportReporter -->
<testsuite hostname="sarasvati-Precision-Tower-3420" failures="0" tests="5" name="com.servicepoints.testCases.TC57_VerifyDiscountFunctionalityWithRefund" time="318.621" errors="0" timestamp="2023-06-09T14:40:12 IST" skipped="0">
  <testcase classname="com.servicepoints.testCases.TC57_VerifyDiscountFunctionalityWithRefund" name="submitAndAcceptQuotation" time="61.409"/>
  <system-out/>
  <testcase classname="com.servicepoints.testCases.TC57_VerifyDiscountFunctionalityWithRefund" name="verifyAddTrackingAndResendProduct" time="73.254"/>
  <system-out/>
  <testcase classname="com.servicepoints.testCases.TC57_VerifyDiscountFunctionalityWithRefund" name="raiseRefundDispute" time="61.726"/>
  <system-out/>
  <testcase classname="com.servicepoints.testCases.TC57_VerifyDiscountFunctionalityWithRefund" name="raiseRefundDispute" time="61.912"/>
  <system-out/>
  <testcase classname="com.servicepoints.testCases.TC57_VerifyDiscountFunctionalityWithRefund" name="raiseRefundDispute" time="60.320"/>
  <system-out/>
</testsuite> <!-- com.servicepoints.testCases.TC57_VerifyDiscountFunctionalityWithRefund -->
