<?xml version="1.0" encoding="UTF-8"?>
<!-- Generated by org.testng.reporters.JUnitReportReporter -->
<testsuite hostname="sarasvati-Precision-Tower-3420" failures="0" tests="1" name="com.servicepoints.testCases.TC04_VerifyAddAgentSupBySupplier" time="35.980" errors="0" timestamp="2023-06-26T10:13:58 IST" skipped="0">
  <testcase classname="com.servicepoints.testCases.TC04_VerifyAddAgentSupBySupplier" name="verifyAddAgentSUP" time="35.980"/>
  <system-out/>
</testsuite> <!-- com.servicepoints.testCases.TC04_VerifyAddAgentSupBySupplier -->
