<?xml version="1.0" encoding="UTF-8"?>
<!-- Generated by org.testng.reporters.JUnitReportReporter -->
<testsuite hostname="sarasvati-Precision-Tower-3420" failures="0" tests="4" name="com.servicepoints.testCases.TC41_VerifyMergeBreakOrderForNewVariantInDispute" time="132.467" errors="0" timestamp="2023-06-15T10:46:23 IST" skipped="0">
  <testcase classname="com.servicepoints.testCases.TC41_VerifyMergeBreakOrderForNewVariantInDispute" name="verifySubmitAndAcceptQuotation" time="57.447"/>
  <system-out/>
  <testcase classname="com.servicepoints.testCases.TC41_VerifyMergeBreakOrderForNewVariantInDispute" name="verifyOpenDispute" time="27.614"/>
  <system-out/>
  <testcase classname="com.servicepoints.testCases.TC41_VerifyMergeBreakOrderForNewVariantInDispute" name="verifyDisputeIsOpenAfterAddingNewVariant" time="26.181"/>
  <system-out/>
  <testcase classname="com.servicepoints.testCases.TC41_VerifyMergeBreakOrderForNewVariantInDispute" name="verifyDisputeFromClientSide" time="21.225"/>
  <system-out/>
</testsuite> <!-- com.servicepoints.testCases.TC41_VerifyMergeBreakOrderForNewVariantInDispute -->
