<?xml version="1.0" encoding="UTF-8"?>
<!-- Generated by org.testng.reporters.JUnitReportReporter -->
<testsuite hostname="sarasvati-Precision-Tower-3420" failures="0" tests="1" name="com.servicepoints.testCases.TC37_VerifyStopFulfillmentAndStartFulfillmentTest" time="110.997" errors="0" timestamp="2023-05-24T09:30:22 IST" skipped="0">
  <testcase classname="com.servicepoints.testCases.TC37_VerifyStopFulfillmentAndStartFulfillmentTest" name="verifyStopFulfillmentAndRequoteTest" time="110.997"/>
  <system-out/>
</testsuite> <!-- com.servicepoints.testCases.TC37_VerifyStopFulfillmentAndStartFulfillmentTest -->
