<?xml version="1.0" encoding="UTF-8"?>
<!-- Generated by org.testng.reporters.JUnitReportReporter -->
<testsuite hostname="Suraj" failures="0" tests="1" name="com.servicepoints.testCases.TC35_VerifyPaymentPendingOrderForAddressError" time="124.409" errors="0" timestamp="2023-05-16T20:14:05 IST" skipped="0">
  <testcase classname="com.servicepoints.testCases.TC35_VerifyPaymentPendingOrderForAddressError" name="verifyPaymentPendingOrderForAddressError" time="124.409"/>
  <system-out/>
</testsuite> <!-- com.servicepoints.testCases.TC35_VerifyPaymentPendingOrderForAddressError -->
