<?xml version="1.0" encoding="UTF-8"?>
<!-- Generated by org.testng.reporters.JUnitReportReporter -->
<testsuite hostname="sarasvati-Precision-Tower-3420" failures="0" tests="1" name="com.servicepoints.testCases.TC15_verifyAskForPriceChange" time="77.685" errors="0" timestamp="2023-05-08T10:12:16 IST" skipped="0">
  <testcase classname="com.servicepoints.testCases.TC15_verifyAskForPriceChange" name="verifyAskForPriceChange" time="77.685"/>
  <system-out/>
</testsuite> <!-- com.servicepoints.testCases.TC15_verifyAskForPriceChange -->
