<?xml version="1.0" encoding="UTF-8"?>
<!-- Generated by org.testng.reporters.JUnitReportReporter -->
<testsuite hostname="sarasvati-Precision-Tower-3420" failures="0" tests="1" name="com.servicepoints.testCases.TC22_VerifyAddTrackingAndRefundDspFunction" time="137.692" errors="0" timestamp="2023-05-01T15:04:36 IST" skipped="0">
  <testcase classname="com.servicepoints.testCases.TC22_VerifyAddTrackingAndRefundDspFunction" name="verifyAddTracking" time="137.692"/>
  <system-out/>
</testsuite> <!-- com.servicepoints.testCases.TC22_VerifyAddTrackingAndRefundDspFunction -->
