<?xml version="1.0" encoding="UTF-8"?>
<!-- Generated by org.testng.reporters.JUnitReportReporter -->
<testsuite hostname="sarasvati-Precision-Tower-3420" failures="0" tests="3" name="com.servicepoints.testCases.TC56_VerifyAddDiscountFunctionality" time="148.802" errors="0" timestamp="2023-06-13T13:34:23 IST" skipped="1">
  <testcase classname="com.servicepoints.testCases.TC56_VerifyAddDiscountFunctionality" name="submitAndAcceptQuotation" time="59.351"/>
  <system-out/>
  <testcase classname="com.servicepoints.testCases.TC56_VerifyAddDiscountFunctionality" name="verifyAddTrackingAndResendProduct" time="89.451"/>
  <system-out/>
  <testcase classname="com.servicepoints.testCases.TC56_VerifyAddDiscountFunctionality" name="verifyDiscountOnClientSide">
    <skipped/>
  </testcase> <!-- verifyDiscountOnClientSide -->
  <system-out/>
</testsuite> <!-- com.servicepoints.testCases.TC56_VerifyAddDiscountFunctionality -->
