<?xml version="1.0" encoding="UTF-8"?>
<!-- Generated by org.testng.reporters.JUnitReportReporter -->
<testsuite hostname="sarasvati-Precision-Tower-3420" failures="0" tests="1" name="com.servicepoints.testCases.TC00_verifySubmitAndAcceptQuote" time="67.577" errors="0" timestamp="2023-05-24T09:20:55 IST" skipped="0">
  <testcase classname="com.servicepoints.testCases.TC00_verifySubmitAndAcceptQuote" name="verifySubmitAndAcceptQuote" time="67.577"/>
  <system-out/>
</testsuite> <!-- com.servicepoints.testCases.TC00_verifySubmitAndAcceptQuote -->
