<?xml version="1.0" encoding="UTF-8"?>
<!-- Generated by org.testng.reporters.JUnitReportReporter -->
<testsuite hostname="sarasvati-Precision-Tower-3420" failures="0" tests="1" name="com.servicepoints.testCases.TC11_VerifySubmitQuoteTest" time="32.750" errors="0" timestamp="2023-04-21T15:39:42 IST" skipped="0">
  <testcase classname="com.servicepoints.testCases.TC11_VerifySubmitQuoteTest" name="verifySubmitQuote" time="32.750"/>
  <system-out/>
</testsuite> <!-- com.servicepoints.testCases.TC11_VerifySubmitQuoteTest -->
