<?xml version="1.0" encoding="UTF-8"?>
<!-- Generated by org.testng.reporters.JUnitReportReporter -->
<testsuite hostname="sarasvati-Precision-Tower-3420" failures="0" tests="7" name="com.servicepoints.testCases.TC59_VerifySupplierShouldAbleToChangeTheDiscount" time="411.253" errors="0" timestamp="2023-06-19T09:49:49 IST" skipped="0">
  <testcase classname="com.servicepoints.testCases.TC59_VerifySupplierShouldAbleToChangeTheDiscount" name="submitAndAcceptQuotation" time="60.346"/>
  <system-out/>
  <testcase classname="com.servicepoints.testCases.TC59_VerifySupplierShouldAbleToChangeTheDiscount" name="verifyAddTrackingOnProduct" time="66.501"/>
  <system-out/>
  <testcase classname="com.servicepoints.testCases.TC59_VerifySupplierShouldAbleToChangeTheDiscount" name="verifyAddingDiscount" time="75.333"/>
  <system-out/>
  <testcase classname="com.servicepoints.testCases.TC59_VerifySupplierShouldAbleToChangeTheDiscount" name="raiseRefundDispute" time="64.388"/>
  <system-out/>
  <testcase classname="com.servicepoints.testCases.TC59_VerifySupplierShouldAbleToChangeTheDiscount" name="raiseRefundDispute" time="64.008"/>
  <system-out/>
  <testcase classname="com.servicepoints.testCases.TC59_VerifySupplierShouldAbleToChangeTheDiscount" name="raiseRefundDispute" time="65.276"/>
  <system-out/>
  <testcase classname="com.servicepoints.testCases.TC59_VerifySupplierShouldAbleToChangeTheDiscount" name="verifyDiscountFromClientSide" time="15.401"/>
  <system-out/>
</testsuite> <!-- com.servicepoints.testCases.TC59_VerifySupplierShouldAbleToChangeTheDiscount -->
