<?xml version="1.0" encoding="UTF-8"?>
<!-- Generated by org.testng.reporters.JUnitReportReporter -->
<testsuite hostname="sarasvati-Precision-Tower-3420" failures="0" tests="1" name="com.servicepoints.testCases.TC14_VerifyExcludeFunctionTest" time="64.311" errors="0" timestamp="2023-04-25T17:15:21 IST" skipped="0">
  <testcase classname="com.servicepoints.testCases.TC14_VerifyExcludeFunctionTest" name="verifyExcludeQuotationFunction" time="64.311"/>
  <system-out/>
</testsuite> <!-- com.servicepoints.testCases.TC14_VerifyExcludeFunctionTest -->
