<?xml version="1.0" encoding="UTF-8"?>
<!-- Generated by org.testng.reporters.JUnitReportReporter -->
<testsuite hostname="sarasvati-Precision-Tower-3420" failures="0" tests="1" name="com.servicepoints.testCases.TC20_VerifyAcceptDispute" time="52.406" errors="0" timestamp="2023-07-12T11:05:39 IST" skipped="0">
  <testcase classname="com.servicepoints.testCases.TC20_VerifyAcceptDispute" name="verifyAcceptDisputeTest" time="52.406"/>
  <system-out/>
</testsuite> <!-- com.servicepoints.testCases.TC20_VerifyAcceptDispute -->
