<?xml version="1.0" encoding="UTF-8"?>
<!-- Generated by org.testng.reporters.JUnitReportReporter -->
<testsuite hostname="sarasvati-Precision-Tower-3420" failures="0" tests="6" name="com.servicepoints.testCases.TC61_VerifyChangeDiscountWithRefundFunctionality" time="336.976" errors="0" timestamp="2023-07-11T17:47:41 IST" skipped="0">
  <testcase classname="com.servicepoints.testCases.TC61_VerifyChangeDiscountWithRefundFunctionality" name="submitAndAcceptQuotation" time="57.492"/>
  <system-out/>
  <testcase classname="com.servicepoints.testCases.TC61_VerifyChangeDiscountWithRefundFunctionality" name="verifyAddTrackingOnProduct" time="61.784"/>
  <system-out/>
  <testcase classname="com.servicepoints.testCases.TC61_VerifyChangeDiscountWithRefundFunctionality" name="raiseRefundDispute" time="57.467"/>
  <system-out/>
  <testcase classname="com.servicepoints.testCases.TC61_VerifyChangeDiscountWithRefundFunctionality" name="verifyAddingDiscount" time="73.609"/>
  <system-out/>
  <testcase classname="com.servicepoints.testCases.TC61_VerifyChangeDiscountWithRefundFunctionality" name="raiseRefundDisputeAgain" time="57.275"/>
  <system-out/>
  <testcase classname="com.servicepoints.testCases.TC61_VerifyChangeDiscountWithRefundFunctionality" name="verifyDiscountFromClientSide" time="29.349"/>
  <system-out/>
</testsuite> <!-- com.servicepoints.testCases.TC61_VerifyChangeDiscountWithRefundFunctionality -->
