<?xml version="1.0" encoding="UTF-8"?>
<!-- Generated by org.testng.reporters.JUnitReportReporter -->
<testsuite hostname="sarasvati-Precision-Tower-3420" failures="0" tests="1" name="com.servicepoints.testCases.TC31_VerifySpecialRequestCloseByAdminSP" time="124.733" errors="0" timestamp="2023-05-04T18:46:43 IST" skipped="0">
  <testcase classname="com.servicepoints.testCases.TC31_VerifySpecialRequestCloseByAdminSP" name="verifySpecialRequestCloseByAdminSp" time="124.733"/>
  <system-out/>
</testsuite> <!-- com.servicepoints.testCases.TC31_VerifySpecialRequestCloseByAdminSP -->
