<?xml version="1.0" encoding="UTF-8"?>
<!-- Generated by org.testng.reporters.JUnitReportReporter -->
<testsuite hostname="sarasvati-Precision-Tower-3420" failures="0" tests="2" name="com.servicepoints.testCases.TC44_VerifyClientAbleToChangeDisputeSolutionAfterRaisingDispute" time="146.269" errors="0" timestamp="2023-05-26T16:34:35 IST" skipped="0">
  <testcase classname="com.servicepoints.testCases.TC44_VerifyClientAbleToChangeDisputeSolutionAfterRaisingDispute" name="submitAndAcceptQuotation" time="69.629"/>
  <system-out/>
  <testcase classname="com.servicepoints.testCases.TC44_VerifyClientAbleToChangeDisputeSolutionAfterRaisingDispute" name="verifyOpenDispute" time="76.640"/>
  <system-out/>
</testsuite> <!-- com.servicepoints.testCases.TC44_VerifyClientAbleToChangeDisputeSolutionAfterRaisingDispute -->
