<?xml version="1.0" encoding="UTF-8"?>
<!-- Generated by org.testng.reporters.JUnitReportReporter -->
<testsuite hostname="sarasvati-Precision-Tower-3420" failures="0" tests="7" name="com.servicepoints.testCases.TC40_VerifyMergeBreakOrderForDisputeTest" time="398.600" errors="0" timestamp="2023-06-27T10:57:59 IST" skipped="1">
  <testcase classname="com.servicepoints.testCases.TC40_VerifyMergeBreakOrderForDisputeTest" name="submitAndAcceptQuotation" time="77.110"/>
  <system-out/>
  <testcase classname="com.servicepoints.testCases.TC40_VerifyMergeBreakOrderForDisputeTest" name="verifyOpenDispute" time="33.353"/>
  <system-out/>
  <testcase classname="com.servicepoints.testCases.TC40_VerifyMergeBreakOrderForDisputeTest" name="verifyRequotation" time="106.922"/>
  <system-out/>
  <testcase classname="com.servicepoints.testCases.TC40_VerifyMergeBreakOrderForDisputeTest" name="acceptRequoteQuotation" time="47.251"/>
  <system-out/>
  <testcase classname="com.servicepoints.testCases.TC40_VerifyMergeBreakOrderForDisputeTest" name="verifyDisputeIsStillOpenFromAgentSide" time="83.184"/>
  <system-out/>
  <testcase classname="com.servicepoints.testCases.TC40_VerifyMergeBreakOrderForDisputeTest" name="verifyDisputeIsStillOpenFromClientSide" time="50.780"/>
  <system-out/>
  <testcase classname="com.servicepoints.testCases.TC40_VerifyMergeBreakOrderForDisputeTest" name="verifyAcceptDispute">
    <skipped/>
  </testcase> <!-- verifyAcceptDispute -->
  <system-out/>
</testsuite> <!-- com.servicepoints.testCases.TC40_VerifyMergeBreakOrderForDisputeTest -->
