<?xml version="1.0" encoding="UTF-8"?>
<!-- Generated by org.testng.reporters.JUnitReportReporter -->
<testsuite hostname="sarasvati-Precision-Tower-3420" failures="0" tests="1" name="com.servicepoints.testCases.TC31_VerifyDeclinedResendDispute" time="118.656" errors="0" timestamp="2023-04-25T13:36:47 IST" skipped="0">
  <testcase classname="com.servicepoints.testCases.TC31_VerifyDeclinedResendDispute" name="verifyDeclinedResendDispute" time="118.656"/>
  <system-out/>
</testsuite> <!-- com.servicepoints.testCases.TC31_VerifyDeclinedResendDispute -->
