<?xml version="1.0" encoding="UTF-8"?>
<!-- Generated by org.testng.reporters.JUnitReportReporter -->
<testsuite hostname="sarasvati-Precision-Tower-3420" failures="0" tests="1" name="com.servicepoints.testCases.TC19_VerifyOpenDisputFunction" time="28.543" errors="0" timestamp="2023-06-26T12:53:57 IST" skipped="0">
  <testcase classname="com.servicepoints.testCases.TC19_VerifyOpenDisputFunction" name="verifyOpenDisputeTest" time="28.543"/>
  <system-out/>
</testsuite> <!-- com.servicepoints.testCases.TC19_VerifyOpenDisputFunction -->
