<?xml version="1.0" encoding="UTF-8"?>
<!-- Generated by org.testng.reporters.JUnitReportReporter -->
<testsuite hostname="sarasvati-Precision-Tower-3420" failures="0" tests="1" name="com.servicepoints.testCases.TC21_VerifyDeclinedDisputeFunction" time="76.032" errors="0" timestamp="2023-05-03T15:22:28 IST" skipped="0">
  <testcase classname="com.servicepoints.testCases.TC21_VerifyDeclinedDisputeFunction" name="verifyDeclinedDisputeTest" time="76.032"/>
  <system-out/>
</testsuite> <!-- com.servicepoints.testCases.TC21_VerifyDeclinedDisputeFunction -->
