<?xml version="1.0" encoding="UTF-8"?>
<!-- Generated by org.testng.reporters.JUnitReportReporter -->
<testsuite hostname="sarasvati-Precision-Tower-3420" failures="0" tests="7" name="com.servicepoints.testCases.TC42_VerifyMergeBreakOrderForAcceptedDisputeTest" time="285.363" errors="0" timestamp="2023-06-15T11:14:57 IST" skipped="0">
  <testcase classname="com.servicepoints.testCases.TC42_VerifyMergeBreakOrderForAcceptedDisputeTest" name="submitAndAcceptQuotation" time="57.691"/>
  <system-out/>
  <testcase classname="com.servicepoints.testCases.TC42_VerifyMergeBreakOrderForAcceptedDisputeTest" name="verifyOpenDispute" time="27.019"/>
  <system-out/>
  <testcase classname="com.servicepoints.testCases.TC42_VerifyMergeBreakOrderForAcceptedDisputeTest" name="verifyAcceptDispute" time="49.881"/>
  <system-out/>
  <testcase classname="com.servicepoints.testCases.TC42_VerifyMergeBreakOrderForAcceptedDisputeTest" name="verifyRequotation" time="57.481"/>
  <system-out/>
  <testcase classname="com.servicepoints.testCases.TC42_VerifyMergeBreakOrderForAcceptedDisputeTest" name="acceptRequoteQuotation" time="35.103"/>
  <system-out/>
  <testcase classname="com.servicepoints.testCases.TC42_VerifyMergeBreakOrderForAcceptedDisputeTest" name="verifyDisputeIsStillOpenFromAgentSide" time="14.976"/>
  <system-out/>
  <testcase classname="com.servicepoints.testCases.TC42_VerifyMergeBreakOrderForAcceptedDisputeTest" name="verifyDisputeIsStillOpenFromClientSide" time="43.212"/>
  <system-out/>
</testsuite> <!-- com.servicepoints.testCases.TC42_VerifyMergeBreakOrderForAcceptedDisputeTest -->
