<?xml version="1.0" encoding="UTF-8"?>
<!-- Generated by org.testng.reporters.JUnitReportReporter -->
<testsuite hostname="sarasvati-Precision-Tower-3420" failures="0" tests="1" name="com.servicepoints.testCases.TC21_VerifyOpenAcceptDisputeForOtherIssue" time="79.019" errors="0" timestamp="2023-05-08T10:42:32 IST" skipped="0">
  <testcase classname="com.servicepoints.testCases.TC21_VerifyOpenAcceptDisputeForOtherIssue" name="verifyOpenAcceptOtherDsp" time="79.019"/>
  <system-out/>
</testsuite> <!-- com.servicepoints.testCases.TC21_VerifyOpenAcceptDisputeForOtherIssue -->
