<?xml version="1.0" encoding="UTF-8"?>
<!-- Generated by org.testng.reporters.JUnitReportReporter -->
<testsuite hostname="sarasvati-Precision-Tower-3420" failures="0" tests="1" name="com.servicepoints.testCases.TC13_VerifyAcceptQuotationTest" time="31.654" errors="0" timestamp="2023-05-04T18:13:00 IST" skipped="0">
  <testcase classname="com.servicepoints.testCases.TC13_VerifyAcceptQuotationTest" name="verifyAcceptQuoteTest" time="31.654"/>
  <system-out/>
</testsuite> <!-- com.servicepoints.testCases.TC13_VerifyAcceptQuotationTest -->
