<?xml version="1.0" encoding="UTF-8"?>
<!-- Generated by org.testng.reporters.JUnitReportReporter -->
<testsuite hostname="sarasvati-Precision-Tower-3420" failures="0" tests="7" name="com.servicepoints.testCases.TC53_VerifyRaiseDisputeAfterClientStopsFulfillment" time="291.137" errors="0" timestamp="2023-06-02T17:04:23 IST" skipped="0">
  <testcase classname="com.servicepoints.testCases.TC53_VerifyRaiseDisputeAfterClientStopsFulfillment" name="submitAndAcceptQuotation" time="66.853"/>
  <system-out/>
  <testcase classname="com.servicepoints.testCases.TC53_VerifyRaiseDisputeAfterClientStopsFulfillment" name="verifyOpenDispute" time="36.160"/>
  <system-out/>
  <testcase classname="com.servicepoints.testCases.TC53_VerifyRaiseDisputeAfterClientStopsFulfillment" name="verifyStopFulfillment" time="46.116"/>
  <system-out/>
  <testcase classname="com.servicepoints.testCases.TC53_VerifyRaiseDisputeAfterClientStopsFulfillment" name="verifyDisputeOnSupplierSide" time="20.589"/>
  <system-out/>
  <testcase classname="com.servicepoints.testCases.TC53_VerifyRaiseDisputeAfterClientStopsFulfillment" name="verifyDisputeOnSupportSide" time="33.897"/>
  <system-out/>
  <testcase classname="com.servicepoints.testCases.TC53_VerifyRaiseDisputeAfterClientStopsFulfillment" name="verifyShowDisputeFromTeamleaderSide" time="32.207"/>
  <system-out/>
  <testcase classname="com.servicepoints.testCases.TC53_VerifyRaiseDisputeAfterClientStopsFulfillment" name="verifyStartFulfillment" time="55.315"/>
  <system-out/>
</testsuite> <!-- com.servicepoints.testCases.TC53_VerifyRaiseDisputeAfterClientStopsFulfillment -->
