<?xml version="1.0" encoding="UTF-8"?>
<!-- Generated by org.testng.reporters.JUnitReportReporter -->
<testsuite hostname="sarasvati-Precision-Tower-3420" failures="0" tests="1" name="com.servicepoints.testCases.TC25_VerifyDisputeForConversation" time="100.370" errors="0" timestamp="2023-06-30T10:02:48 IST" skipped="0">
  <testcase classname="com.servicepoints.testCases.TC25_VerifyDisputeForConversation" name="verifyDisputeForConversation" time="100.370"/>
  <system-out/>
</testsuite> <!-- com.servicepoints.testCases.TC25_VerifyDisputeForConversation -->
