<?xml version="1.0" encoding="UTF-8"?>
<!-- Generated by org.testng.reporters.JUnitReportReporter -->
<testsuite hostname="sarasvati-Precision-Tower-3420" failures="0" tests="1" name="com.servicepoints.testCases.TC18_VerifyOpenDisputFunction" time="24.717" errors="0" timestamp="2023-04-26T19:16:27 IST" skipped="0">
  <testcase classname="com.servicepoints.testCases.TC18_VerifyOpenDisputFunction" name="verifyOpenDispute" time="24.717"/>
  <system-out/>
</testsuite> <!-- com.servicepoints.testCases.TC18_VerifyOpenDisputFunction -->
