<?xml version="1.0" encoding="UTF-8"?>
<!-- Generated by org.testng.reporters.JUnitReportReporter -->
<testsuite hostname="sarasvati-Precision-Tower-3420" failures="0" tests="1" name="com.servicepoints.testCases.TC17_VerifyCancelOrderFunctionality" time="102.424" errors="0" timestamp="2023-05-03T16:18:13 IST" skipped="0">
  <testcase classname="com.servicepoints.testCases.TC17_VerifyCancelOrderFunctionality" name="verifyCancelOrderFunctionality" time="102.424"/>
  <system-out/>
</testsuite> <!-- com.servicepoints.testCases.TC17_VerifyCancelOrderFunctionality -->
