<?xml version="1.0" encoding="UTF-8"?>
<!-- Generated by org.testng.reporters.JUnitReportReporter -->
<testsuite hostname="sarasvati-Precision-Tower-3420" failures="0" tests="1" name="com.servicepoints.testCases.TC03_UserSignUpTest" time="23.511" errors="0" timestamp="2023-05-29T18:17:06 IST" skipped="0">
  <testcase classname="com.servicepoints.testCases.TC03_UserSignUpTest" name="testUserSignUp" time="23.511"/>
  <system-out/>
</testsuite> <!-- com.servicepoints.testCases.TC03_UserSignUpTest -->
