<?xml version="1.0" encoding="UTF-8"?>
<!-- Generated by org.testng.reporters.JUnitReportReporter -->
<testsuite hostname="sarasvati-Precision-Tower-3420" failures="0" tests="5" name="com.servicepoints.testCases.TC51_VerifyShowDisputeAfterAddingTrackingNumAndCancelOrder" time="275.133" errors="0" timestamp="2023-05-31T18:08:58 IST" skipped="0">
  <testcase classname="com.servicepoints.testCases.TC51_VerifyShowDisputeAfterAddingTrackingNumAndCancelOrder" name="submitAndAcceptQuotation" time="72.673"/>
  <system-out/>
  <testcase classname="com.servicepoints.testCases.TC51_VerifyShowDisputeAfterAddingTrackingNumAndCancelOrder" name="verifyOpenDispute" time="34.923"/>
  <system-out/>
  <testcase classname="com.servicepoints.testCases.TC51_VerifyShowDisputeAfterAddingTrackingNumAndCancelOrder" name="verifyAddingTrackingNumOn3rdVariant" time="54.877"/>
  <system-out/>
  <testcase classname="com.servicepoints.testCases.TC51_VerifyShowDisputeAfterAddingTrackingNumAndCancelOrder" name="verifyDisputeStatusFromClientSide" time="28.632"/>
  <system-out/>
  <testcase classname="com.servicepoints.testCases.TC51_VerifyShowDisputeAfterAddingTrackingNumAndCancelOrder" name="varifyCanceleSecondVariant" time="84.028"/>
  <system-out/>
</testsuite> <!-- com.servicepoints.testCases.TC51_VerifyShowDisputeAfterAddingTrackingNumAndCancelOrder -->
