<?xml version="1.0" encoding="UTF-8"?>
<!-- Generated by org.testng.reporters.JUnitReportReporter -->
<testsuite hostname="sarasvati-Precision-Tower-3420" failures="0" tests="1" name="com.servicepoints.testCases.TC13_VerifyAddAgentSupportTest" time="36.867" errors="0" timestamp="2023-04-11T16:57:40 IST" skipped="0">
  <testcase classname="com.servicepoints.testCases.TC13_VerifyAddAgentSupportTest" name="verifyAddAgentSupport" time="36.867"/>
  <system-out/>
</testsuite> <!-- com.servicepoints.testCases.TC13_VerifyAddAgentSupportTest -->
