<?xml version="1.0" encoding="UTF-8"?>
<!-- Generated by org.testng.reporters.JUnitReportReporter -->
<testsuite hostname="sarasvati-Precision-Tower-3420" failures="0" tests="1" name="com.servicepoints.testCases.TC28_VerifyDeclinedResendDispute" time="144.179" errors="0" timestamp="2023-07-12T19:01:31 IST" skipped="0">
  <testcase classname="com.servicepoints.testCases.TC28_VerifyDeclinedResendDispute" name="verifyDeclinedResendDispute" time="144.179"/>
  <system-out/>
</testsuite> <!-- com.servicepoints.testCases.TC28_VerifyDeclinedResendDispute -->
