<?xml version="1.0" encoding="UTF-8"?>
<!-- Generated by org.testng.reporters.JUnitReportReporter -->
<testsuite hostname="sarasvati-Precision-Tower-3420" failures="0" tests="4" name="com.servicepoints.testCases.TC57_VerifyDiscountFunctionalityWithRefund" time="14.234" errors="0" timestamp="2023-06-12T10:25:47 IST" skipped="3">
  <testcase classname="com.servicepoints.testCases.TC57_VerifyDiscountFunctionalityWithRefund" name="verifyDiscountFromClientSide" time="14.234"/>
  <system-out/>
  <testcase classname="com.servicepoints.testCases.TC57_VerifyDiscountFunctionalityWithRefund" name="submitAndAcceptQuotation">
    <skipped/>
  </testcase> <!-- submitAndAcceptQuotation -->
  <system-out/>
  <testcase classname="com.servicepoints.testCases.TC57_VerifyDiscountFunctionalityWithRefund" name="raiseRefundDispute">
    <skipped/>
  </testcase> <!-- raiseRefundDispute -->
  <system-out/>
  <testcase classname="com.servicepoints.testCases.TC57_VerifyDiscountFunctionalityWithRefund" name="verifyAddTrackingAndResendProduct">
    <skipped/>
  </testcase> <!-- verifyAddTrackingAndResendProduct -->
  <system-out/>
</testsuite> <!-- com.servicepoints.testCases.TC57_VerifyDiscountFunctionalityWithRefund -->
