<?xml version="1.0" encoding="UTF-8"?>
<!-- Generated by org.testng.reporters.JUnitReportReporter -->
<testsuite hostname="sarasvati-Precision-Tower-3420" failures="0" tests="5" name="com.servicepoints.testCases.TC62_VerifyRequotationLimitFromClientSide" time="392.864" errors="0" timestamp="2023-06-22T17:50:59 IST" skipped="1">
  <testcase classname="com.servicepoints.testCases.TC62_VerifyRequotationLimitFromClientSide" name="submitAndAcceptQuotation" time="59.881"/>
  <system-out/>
  <testcase classname="com.servicepoints.testCases.TC62_VerifyRequotationLimitFromClientSide" name="verifyRequoteQuotation" time="113.726"/>
  <system-out/>
  <testcase classname="com.servicepoints.testCases.TC62_VerifyRequotationLimitFromClientSide" name="verifyRequoteQuotation" time="113.843"/>
  <system-out/>
  <testcase classname="com.servicepoints.testCases.TC62_VerifyRequotationLimitFromClientSide" name="verifyMessageWhenClientTryToRequoteTwoTimes" time="105.414"/>
  <system-out/>
  <testcase classname="com.servicepoints.testCases.TC62_VerifyRequotationLimitFromClientSide" name="verifyRequotationLimitAfterAddingVariant">
    <skipped/>
  </testcase> <!-- verifyRequotationLimitAfterAddingVariant -->
  <system-out/>
</testsuite> <!-- com.servicepoints.testCases.TC62_VerifyRequotationLimitFromClientSide -->
