<?xml version="1.0" encoding="UTF-8"?>
<!-- Generated by org.testng.reporters.JUnitReportReporter -->
<testsuite hostname="sarasvati-Precision-Tower-3420" failures="0" tests="1" name="com.servicepoints.testCases.TC30_VerifyAddTrackingAndResend" time="122.463" errors="0" timestamp="2023-04-25T13:21:20 IST" skipped="0">
  <testcase classname="com.servicepoints.testCases.TC30_VerifyAddTrackingAndResend" name="verifyAddTrackingAndResendProduct" time="122.463"/>
  <system-out/>
</testsuite> <!-- com.servicepoints.testCases.TC30_VerifyAddTrackingAndResend -->
