<?xml version="1.0" encoding="UTF-8"?>
<!-- Generated by org.testng.reporters.JUnitReportReporter -->
<testsuite hostname="sarasvati-Precision-Tower-3420" failures="0" tests="1" name="com.servicepoints.testCases.TC04_VerifyClientApprovalTest" time="42.703" errors="0" timestamp="2023-04-13T18:05:28 IST" skipped="0">
  <testcase classname="com.servicepoints.testCases.TC04_VerifyClientApprovalTest" name="verifyClientApproval" time="42.703"/>
  <system-out/>
</testsuite> <!-- com.servicepoints.testCases.TC04_VerifyClientApprovalTest -->
