<?xml version="1.0" encoding="UTF-8"?>
<!-- Generated by org.testng.reporters.JUnitReportReporter -->
<testsuite hostname="sarasvati-Precision-Tower-3420" failures="0" tests="6" name="com.servicepoints.testCases.TC66_VerifyProductPageOffSupportAndTeamleaderSideAnotherScenario" time="285.687" errors="0" timestamp="2023-07-03T18:25:52 IST" skipped="0">
  <testcase classname="com.servicepoints.testCases.TC66_VerifyProductPageOffSupportAndTeamleaderSideAnotherScenario" name="submitAndAcceptQuotation" time="79.388"/>
  <system-out/>
  <testcase classname="com.servicepoints.testCases.TC66_VerifyProductPageOffSupportAndTeamleaderSideAnotherScenario" name="stopFulfillmentByClient" time="39.437"/>
  <system-out/>
  <testcase classname="com.servicepoints.testCases.TC66_VerifyProductPageOffSupportAndTeamleaderSideAnotherScenario" name="startFulfillmentBySupport" time="38.970"/>
  <system-out/>
  <testcase classname="com.servicepoints.testCases.TC66_VerifyProductPageOffSupportAndTeamleaderSideAnotherScenario" name="requoteQuoteByClient" time="48.176"/>
  <system-out/>
  <testcase classname="com.servicepoints.testCases.TC66_VerifyProductPageOffSupportAndTeamleaderSideAnotherScenario" name="supplierSubmitQuotationAgain" time="41.874"/>
  <system-out/>
  <testcase classname="com.servicepoints.testCases.TC66_VerifyProductPageOffSupportAndTeamleaderSideAnotherScenario" name="acceptQuotationFromSupport" time="37.842"/>
  <system-out/>
</testsuite> <!-- com.servicepoints.testCases.TC66_VerifyProductPageOffSupportAndTeamleaderSideAnotherScenario -->
