<?xml version="1.0" encoding="UTF-8"?>
<!-- Generated by org.testng.reporters.JUnitReportReporter -->
<testsuite hostname="sarasvati-Precision-Tower-3420" failures="0" tests="5" name="com.servicepoints.testCases.TC57_VerifyDiscountFunctionalityWithRefundDispute2" time="221.483" errors="0" timestamp="2023-07-11T14:32:51 IST" skipped="0">
  <testcase classname="com.servicepoints.testCases.TC57_VerifyDiscountFunctionalityWithRefundDispute2" name="submitAndAcceptQuotation" time="57.419"/>
  <system-out/>
  <testcase classname="com.servicepoints.testCases.TC57_VerifyDiscountFunctionalityWithRefundDispute2" name="verifyAddTrackingAndResendProduct" time="53.427"/>
  <system-out/>
  <testcase classname="com.servicepoints.testCases.TC57_VerifyDiscountFunctionalityWithRefundDispute2" name="raiseRefundDispute" time="53.468"/>
  <system-out/>
  <testcase classname="com.servicepoints.testCases.TC57_VerifyDiscountFunctionalityWithRefundDispute2" name="verifyAddingDiscount" time="41.081"/>
  <system-out/>
  <testcase classname="com.servicepoints.testCases.TC57_VerifyDiscountFunctionalityWithRefundDispute2" name="verifyDiscountFromClientSide" time="16.088"/>
  <system-out/>
</testsuite> <!-- com.servicepoints.testCases.TC57_VerifyDiscountFunctionalityWithRefundDispute2 -->
