<?xml version="1.0" encoding="UTF-8"?>
<!-- Generated by org.testng.reporters.JUnitReportReporter -->
<testsuite hostname="sarasvati-Precision-Tower-3420" failures="0" tests="7" name="com.servicepoints.testCases.TC40_VerifyMergeBreakOrderForDisputeTest" time="81.746" errors="0" timestamp="2023-06-15T10:29:47 IST" skipped="5">
  <testcase classname="com.servicepoints.testCases.TC40_VerifyMergeBreakOrderForDisputeTest" name="verifyDisputeIsStillOpenFromAgentSide" time="40.780"/>
  <system-out/>
  <testcase classname="com.servicepoints.testCases.TC40_VerifyMergeBreakOrderForDisputeTest" name="verifyDisputeIsStillOpenFromClientSide" time="40.966"/>
  <system-out/>
  <testcase classname="com.servicepoints.testCases.TC40_VerifyMergeBreakOrderForDisputeTest" name="submitAndAcceptQuotation">
    <skipped/>
  </testcase> <!-- submitAndAcceptQuotation -->
  <system-out/>
  <testcase classname="com.servicepoints.testCases.TC40_VerifyMergeBreakOrderForDisputeTest" name="verifyRequotation">
    <skipped/>
  </testcase> <!-- verifyRequotation -->
  <system-out/>
  <testcase classname="com.servicepoints.testCases.TC40_VerifyMergeBreakOrderForDisputeTest" name="verifyOpenDispute">
    <skipped/>
  </testcase> <!-- verifyOpenDispute -->
  <system-out/>
  <testcase classname="com.servicepoints.testCases.TC40_VerifyMergeBreakOrderForDisputeTest" name="acceptRequoteQuotation">
    <skipped/>
  </testcase> <!-- acceptRequoteQuotation -->
  <system-out/>
  <testcase classname="com.servicepoints.testCases.TC40_VerifyMergeBreakOrderForDisputeTest" name="verifyAcceptDispute">
    <skipped/>
  </testcase> <!-- verifyAcceptDispute -->
  <system-out/>
</testsuite> <!-- com.servicepoints.testCases.TC40_VerifyMergeBreakOrderForDisputeTest -->
