<?xml version="1.0" encoding="UTF-8"?>
<!-- Generated by org.testng.reporters.JUnitReportReporter -->
<testsuite hostname="sarasvati-Precision-Tower-3420" failures="0" tests="9" name="com.servicepoints.testCases.TC58_VerifyDiscountWithResendFunctionality" time="473.100" errors="0" timestamp="2023-06-23T16:30:48 IST" skipped="0">
  <testcase classname="com.servicepoints.testCases.TC58_VerifyDiscountWithResendFunctionality" name="submitAndAcceptQuotation" time="61.477"/>
  <system-out/>
  <testcase classname="com.servicepoints.testCases.TC58_VerifyDiscountWithResendFunctionality" name="verifyAddTrackingOnProduct" time="44.732"/>
  <system-out/>
  <testcase classname="com.servicepoints.testCases.TC58_VerifyDiscountWithResendFunctionality" name="raiseResendDispute" time="63.945"/>
  <system-out/>
  <testcase classname="com.servicepoints.testCases.TC58_VerifyDiscountWithResendFunctionality" name="verifyAddTrackingOnProductAgain" time="45.226"/>
  <system-out/>
  <testcase classname="com.servicepoints.testCases.TC58_VerifyDiscountWithResendFunctionality" name="verifyAddingDiscount" time="43.345"/>
  <system-out/>
  <testcase classname="com.servicepoints.testCases.TC58_VerifyDiscountWithResendFunctionality" name="raiseRefundDispute" time="63.795"/>
  <system-out/>
  <testcase classname="com.servicepoints.testCases.TC58_VerifyDiscountWithResendFunctionality" name="raiseRefundDispute" time="65.675"/>
  <system-out/>
  <testcase classname="com.servicepoints.testCases.TC58_VerifyDiscountWithResendFunctionality" name="raiseRefundDispute" time="67.913"/>
  <system-out/>
  <testcase classname="com.servicepoints.testCases.TC58_VerifyDiscountWithResendFunctionality" name="verifyDiscountFromClientSide" time="16.992"/>
  <system-out/>
</testsuite> <!-- com.servicepoints.testCases.TC58_VerifyDiscountWithResendFunctionality -->
