<?xml version="1.0" encoding="UTF-8"?>
<!-- Generated by org.testng.reporters.JUnitReportReporter -->
<testsuite hostname="sarasvati-Precision-Tower-3420" failures="0" tests="1" name="com.servicepoints.testCases.TC21_VerifyOpenAcceptDisputeForOtherIssue" time="71.222" errors="0" timestamp="2023-06-26T12:59:13 IST" skipped="0">
  <testcase classname="com.servicepoints.testCases.TC21_VerifyOpenAcceptDisputeForOtherIssue" name="verifyOpenAcceptOtherDsp" time="71.222"/>
  <system-out/>
</testsuite> <!-- com.servicepoints.testCases.TC21_VerifyOpenAcceptDisputeForOtherIssue -->
