<?xml version="1.0" encoding="UTF-8"?>
<!-- Generated by org.testng.reporters.JUnitReportReporter -->
<testsuite hostname="sarasvati-Precision-Tower-3420" failures="0" tests="3" name="com.servicepoints.testCases.TC08_VerifyAddingNewStore" time="20.716" errors="0" timestamp="2023-04-11T12:48:58 IST" skipped="2">
  <testcase classname="com.servicepoints.testCases.TC08_VerifyAddingNewStore" name="verifyAddStore" time="20.716"/>
  <system-out/>
  <testcase classname="com.servicepoints.testCases.TC08_VerifyAddingNewStore" name="verifyDeletingStore">
    <skipped/>
  </testcase> <!-- verifyDeletingStore -->
  <system-out/>
  <testcase classname="com.servicepoints.testCases.TC08_VerifyAddingNewStore" name="verifyUpdatingStore">
    <skipped/>
  </testcase> <!-- verifyUpdatingStore -->
  <system-out/>
</testsuite> <!-- com.servicepoints.testCases.TC08_VerifyAddingNewStore -->
