<?xml version="1.0" encoding="UTF-8"?>
<!-- Generated by org.testng.reporters.JUnitReportReporter -->
<testsuite hostname="sarasvati-Precision-Tower-3420" failures="0" tests="1" name="com.servicepoints.testCases.TC14_VerifyExcludeFunctionTest" time="26.170" errors="0" timestamp="2023-04-13T16:34:43 IST" skipped="0">
  <testcase classname="com.servicepoints.testCases.TC14_VerifyExcludeFunctionTest" name="verifyExcludeQuotationFunction" time="26.170"/>
  <system-out/>
</testsuite> <!-- com.servicepoints.testCases.TC14_VerifyExcludeFunctionTest -->
