<?xml version="1.0" encoding="UTF-8"?>
<!-- Generated by org.testng.reporters.JUnitReportReporter -->
<testsuite hostname="sarasvati-Precision-Tower-3420" failures="0" tests="1" name="com.servicepoints.testCases.TC18_VerifyOpenDisputFunction" time="22.318" errors="0" timestamp="2023-04-20T16:36:05 IST" skipped="0">
  <testcase classname="com.servicepoints.testCases.TC18_VerifyOpenDisputFunction" name="verifyOpenDispute" time="22.318"/>
  <system-out/>
</testsuite> <!-- com.servicepoints.testCases.TC18_VerifyOpenDisputFunction -->
