<?xml version="1.0" encoding="UTF-8"?>
<!-- Generated by org.testng.reporters.JUnitReportReporter -->
<testsuite hostname="sarasvati-Precision-Tower-3420" failures="0" tests="1" name="com.servicepoints.testCases.TC21_VerifySpecialRequestFunction" time="24.701" errors="0" timestamp="2023-04-20T17:41:53 IST" skipped="0">
  <testcase classname="com.servicepoints.testCases.TC21_VerifySpecialRequestFunction" name="verifySpecialRequest" time="24.701"/>
  <system-out/>
</testsuite> <!-- com.servicepoints.testCases.TC21_VerifySpecialRequestFunction -->
