<?xml version="1.0" encoding="UTF-8"?>
<!-- Generated by org.testng.reporters.JUnitReportReporter -->
<testsuite hostname="sarasvati-Precision-Tower-3420" failures="0" tests="1" name="com.servicepoints.testCases.TC22_VerifyDeclinedDisputeFunction" time="83.321" errors="0" timestamp="2023-07-12T11:17:53 IST" skipped="0">
  <testcase classname="com.servicepoints.testCases.TC22_VerifyDeclinedDisputeFunction" name="verifyDeclinedDisputeTest" time="83.321"/>
  <system-out/>
</testsuite> <!-- com.servicepoints.testCases.TC22_VerifyDeclinedDisputeFunction -->
