<?xml version="1.0" encoding="UTF-8"?>
<!-- Generated by org.testng.reporters.JUnitReportReporter -->
<testsuite hostname="sarasvati-Precision-Tower-3420" failures="0" tests="1" name="com.servicepoints.testCases.TC35_VerifyPaymentPendingOrderForAddressError" time="134.677" errors="0" timestamp="2023-06-14T15:46:45 IST" skipped="0">
  <testcase classname="com.servicepoints.testCases.TC35_VerifyPaymentPendingOrderForAddressError" name="verifyPaymentPendingOrderForAddressError" time="134.677"/>
  <system-out/>
</testsuite> <!-- com.servicepoints.testCases.TC35_VerifyPaymentPendingOrderForAddressError -->
