<?xml version="1.0" encoding="UTF-8"?>
<!-- Generated by org.testng.reporters.JUnitReportReporter -->
<testsuite hostname="sarasvati-Precision-Tower-3420" failures="0" tests="1" name="com.servicepoints.testCases.TC05_VerifyAddAgentSupportTest" time="46.134" errors="0" timestamp="2023-06-12T13:04:34 IST" skipped="0">
  <testcase classname="com.servicepoints.testCases.TC05_VerifyAddAgentSupportTest" name="verifyAddAgentSupportTest" time="46.134"/>
  <system-out/>
</testsuite> <!-- com.servicepoints.testCases.TC05_VerifyAddAgentSupportTest -->
