<?xml version="1.0" encoding="UTF-8"?>
<!-- Generated by org.testng.reporters.JUnitReportReporter -->
<testsuite hostname="sarasvati-Precision-Tower-3420" failures="0" tests="4" name="com.servicepoints.testCases.TC65_VerifyProductPageOnSupportAndTeamleadSide" time="189.619" errors="0" timestamp="2023-07-11T18:30:59 IST" skipped="0">
  <testcase classname="com.servicepoints.testCases.TC65_VerifyProductPageOnSupportAndTeamleadSide" name="submitAndAcceptQuotation" time="65.882"/>
  <system-out/>
  <testcase classname="com.servicepoints.testCases.TC65_VerifyProductPageOnSupportAndTeamleadSide" name="requoteQuoteByClient" time="44.508"/>
  <system-out/>
  <testcase classname="com.servicepoints.testCases.TC65_VerifyProductPageOnSupportAndTeamleadSide" name="supplierSubmitQuotationAgain" time="38.402"/>
  <system-out/>
  <testcase classname="com.servicepoints.testCases.TC65_VerifyProductPageOnSupportAndTeamleadSide" name="acceptQuotationFromTeamlead" time="40.827"/>
  <system-out/>
</testsuite> <!-- com.servicepoints.testCases.TC65_VerifyProductPageOnSupportAndTeamleadSide -->
