<?xml version="1.0" encoding="UTF-8"?>
<!-- Generated by org.testng.reporters.JUnitReportReporter -->
<testsuite hostname="sarasvati-Precision-Tower-3420" failures="0" tests="1" name="com.servicepoints.testCases.TC70_VerifyNotesForSupplierAndSupportFromClient" time="20.506" errors="0" timestamp="2023-07-13T15:00:57 IST" skipped="0">
  <testcase classname="com.servicepoints.testCases.TC70_VerifyNotesForSupplierAndSupportFromClient" name="verifyClientNoteFromSupport" time="20.506"/>
  <system-out/>
</testsuite> <!-- com.servicepoints.testCases.TC70_VerifyNotesForSupplierAndSupportFromClient -->
