<?xml version="1.0" encoding="UTF-8"?>
<!-- Generated by org.testng.reporters.JUnitReportReporter -->
<testsuite hostname="sarasvati-Precision-Tower-3420" failures="0" tests="1" name="com.servicepoints.testCases.TC16_VerifyUpdateDeleteQuotation" time="136.690" errors="0" timestamp="2023-05-04T18:13:00 IST" skipped="0">
  <testcase classname="com.servicepoints.testCases.TC16_VerifyUpdateDeleteQuotation" name="verifyUpdateDeleteQuotation" time="136.690"/>
  <system-out/>
</testsuite> <!-- com.servicepoints.testCases.TC16_VerifyUpdateDeleteQuotation -->
