<?xml version="1.0" encoding="UTF-8"?>
<!-- Generated by org.testng.reporters.JUnitReportReporter -->
<testsuite hostname="sarasvati-Precision-Tower-3420" failures="0" tests="1" name="com.servicepoints.testCases.TC21_VerifyOpenAcceptDisputeForOtherIssue" time="74.241" errors="0" timestamp="2023-05-24T13:14:12 IST" skipped="0">
  <testcase classname="com.servicepoints.testCases.TC21_VerifyOpenAcceptDisputeForOtherIssue" name="verifyOpenAcceptOtherDsp" time="74.241"/>
  <system-out/>
</testsuite> <!-- com.servicepoints.testCases.TC21_VerifyOpenAcceptDisputeForOtherIssue -->
