<?xml version="1.0" encoding="UTF-8"?>
<!-- Generated by org.testng.reporters.JUnitReportReporter -->
<testsuite hostname="sarasvati-Precision-Tower-3420" failures="0" tests="1" name="com.servicepoints.testCases.Tc_DeletionOfStore" time="10.787" errors="0" timestamp="2023-04-11T12:48:58 IST" skipped="0">
  <testcase classname="com.servicepoints.testCases.Tc_DeletionOfStore" name="verifyDeletingStore" time="10.787"/>
  <system-out/>
</testsuite> <!-- com.servicepoints.testCases.Tc_DeletionOfStore -->
