<?xml version="1.0" encoding="UTF-8"?>
<!-- Generated by org.testng.reporters.JUnitReportReporter -->
<testsuite hostname="sarasvati-Precision-Tower-3420" failures="0" tests="6" name="com.servicepoints.testCases.TC47_VerifyDisputeCantBeInReopenStateForTheOderStatusResend" time="327.565" errors="0" timestamp="2023-06-07T12:00:10 IST" skipped="0">
  <testcase classname="com.servicepoints.testCases.TC47_VerifyDisputeCantBeInReopenStateForTheOderStatusResend" name="submitAndAcceptQuotation" time="64.656"/>
  <system-out/>
  <testcase classname="com.servicepoints.testCases.TC47_VerifyDisputeCantBeInReopenStateForTheOderStatusResend" name="verifyOpenDispute" time="48.221"/>
  <system-out/>
  <testcase classname="com.servicepoints.testCases.TC47_VerifyDisputeCantBeInReopenStateForTheOderStatusResend" name="verifyRaisingAndAcceptingDisputeAgain" time="63.541"/>
  <system-out/>
  <testcase classname="com.servicepoints.testCases.TC47_VerifyDisputeCantBeInReopenStateForTheOderStatusResend" name="verifyRaiseDisputeAndAccept" time="64.316"/>
  <system-out/>
  <testcase classname="com.servicepoints.testCases.TC47_VerifyDisputeCantBeInReopenStateForTheOderStatusResend" name="verifyTryToReopenResendDispute" time="64.229"/>
  <system-out/>
  <testcase classname="com.servicepoints.testCases.TC47_VerifyDisputeCantBeInReopenStateForTheOderStatusResend" name="verifyRaiseDisputeForrRefund" time="22.602"/>
  <system-out/>
</testsuite> <!-- com.servicepoints.testCases.TC47_VerifyDisputeCantBeInReopenStateForTheOderStatusResend -->
