<?xml version="1.0" encoding="UTF-8"?>
<!-- Generated by org.testng.reporters.JUnitReportReporter -->
<testsuite hostname="sarasvati-Precision-Tower-3420" failures="0" tests="1" name="com.servicepoints.testCases.TC33_VerifyPaymentPendingOrderTest" time="174.301" errors="0" timestamp="2023-05-08T18:30:00 IST" skipped="0">
  <testcase classname="com.servicepoints.testCases.TC33_VerifyPaymentPendingOrderTest" name="verifyPaymentPendingOrder" time="174.301"/>
  <system-out/>
</testsuite> <!-- com.servicepoints.testCases.TC33_VerifyPaymentPendingOrderTest -->
