<?xml version="1.0" encoding="UTF-8"?>
<!-- Generated by org.testng.reporters.JUnitReportReporter -->
<testsuite hostname="sarasvati-Precision-Tower-3420" failures="0" tests="1" name="com.servicepoints.testCases.TC19_VerifyOpenDisputFunction" time="29.028" errors="0" timestamp="2023-05-03T17:57:00 IST" skipped="0">
  <testcase classname="com.servicepoints.testCases.TC19_VerifyOpenDisputFunction" name="verifyOpenDisputeTest" time="29.028"/>
  <system-out/>
</testsuite> <!-- com.servicepoints.testCases.TC19_VerifyOpenDisputFunction -->
