<?xml version="1.0" encoding="UTF-8"?>
<!-- Generated by org.testng.reporters.JUnitReportReporter -->
<testsuite hostname="sarasvati-Precision-Tower-3420" failures="0" tests="1" name="com.servicepoints.testCases.TC17_VerifyAddNewVariant" time="86.822" errors="0" timestamp="2023-06-12T15:24:19 IST" skipped="0">
  <testcase classname="com.servicepoints.testCases.TC17_VerifyAddNewVariant" name="verifyAddNewVariant" time="86.822"/>
  <system-out/>
</testsuite> <!-- com.servicepoints.testCases.TC17_VerifyAddNewVariant -->
