<?xml version="1.0" encoding="UTF-8"?>
<!-- Generated by org.testng.reporters.JUnitReportReporter -->
<testsuite hostname="sarasvati-Precision-Tower-3420" failures="0" tests="1" name="com.servicepoints.testCases.TC12_VerifySubmitQuoteTest" time="33.190" errors="0" timestamp="2023-05-08T10:12:16 IST" skipped="0">
  <testcase classname="com.servicepoints.testCases.TC12_VerifySubmitQuoteTest" name="verifySubmitQuoteTest" time="33.190"/>
  <system-out/>
</testsuite> <!-- com.servicepoints.testCases.TC12_VerifySubmitQuoteTest -->
