<?xml version="1.0" encoding="UTF-8"?>
<!-- Generated by org.testng.reporters.JUnitReportReporter -->
<testsuite hostname="sarasvati-Precision-Tower-3420" failures="0" tests="4" name="com.servicepoints.testCases.TC41_VerifyMergeBreakOrderForNewVariantInDispute" time="186.316" errors="0" timestamp="2023-06-02T17:51:45 IST" skipped="0">
  <testcase classname="com.servicepoints.testCases.TC41_VerifyMergeBreakOrderForNewVariantInDispute" name="verifySubmitAndAcceptQuotation" time="72.787"/>
  <system-out/>
  <testcase classname="com.servicepoints.testCases.TC41_VerifyMergeBreakOrderForNewVariantInDispute" name="verifyOpenDispute" time="36.344"/>
  <system-out/>
  <testcase classname="com.servicepoints.testCases.TC41_VerifyMergeBreakOrderForNewVariantInDispute" name="verifyDisputeIsOpenAfterAddingNewVariant" time="44.614"/>
  <system-out/>
  <testcase classname="com.servicepoints.testCases.TC41_VerifyMergeBreakOrderForNewVariantInDispute" name="verifyDisputeFromClientSide" time="32.571"/>
  <system-out/>
</testsuite> <!-- com.servicepoints.testCases.TC41_VerifyMergeBreakOrderForNewVariantInDispute -->
