<?xml version="1.0" encoding="UTF-8"?>
<!-- Generated by org.testng.reporters.JUnitReportReporter -->
<testsuite hostname="sarasvati-Precision-Tower-3420" failures="0" tests="1" name="com.servicepoints.testCases.TC33_VerifyPaymentPendingOrderOffTest" time="150.482" errors="0" timestamp="2023-06-14T15:46:45 IST" skipped="0">
  <testcase classname="com.servicepoints.testCases.TC33_VerifyPaymentPendingOrderOffTest" name="verifyPaymentPendingOrder" time="150.482"/>
  <system-out/>
</testsuite> <!-- com.servicepoints.testCases.TC33_VerifyPaymentPendingOrderOffTest -->
