<?xml version="1.0" encoding="UTF-8"?>
<!-- Generated by org.testng.reporters.JUnitReportReporter -->
<testsuite hostname="sarasvati-Precision-Tower-3420" failures="0" tests="5" name="com.servicepoints.testCases.TC62_VerifyRequotationLimitFromClientSide" time="403.988" errors="0" timestamp="2023-07-11T16:17:49 IST" skipped="0">
  <testcase classname="com.servicepoints.testCases.TC62_VerifyRequotationLimitFromClientSide" name="submitAndAcceptQuotation" time="58.384"/>
  <system-out/>
  <testcase classname="com.servicepoints.testCases.TC62_VerifyRequotationLimitFromClientSide" name="verifyRequoteQuotation" time="106.964"/>
  <system-out/>
  <testcase classname="com.servicepoints.testCases.TC62_VerifyRequotationLimitFromClientSide" name="verifyRequoteQuotation" time="106.519"/>
  <system-out/>
  <testcase classname="com.servicepoints.testCases.TC62_VerifyRequotationLimitFromClientSide" name="verifyMessageWhenClientTryToRequoteTwoTimes" time="101.439"/>
  <system-out/>
  <testcase classname="com.servicepoints.testCases.TC62_VerifyRequotationLimitFromClientSide" name="verifyRequotationLimitAfterAddingVariant" time="30.682"/>
  <system-out/>
</testsuite> <!-- com.servicepoints.testCases.TC62_VerifyRequotationLimitFromClientSide -->
