<?xml version="1.0" encoding="UTF-8"?>
<!-- Generated by org.testng.reporters.JUnitReportReporter -->
<testsuite hostname="sarasvati-Precision-Tower-3420" failures="0" tests="1" name="com.servicepoints.testCases.TC29_VerifySpecialRequestFunction" time="26.665" errors="0" timestamp="2023-06-28T12:30:55 IST" skipped="0">
  <testcase classname="com.servicepoints.testCases.TC29_VerifySpecialRequestFunction" name="verifySpecialRequestTest" time="26.665"/>
  <system-out/>
</testsuite> <!-- com.servicepoints.testCases.TC29_VerifySpecialRequestFunction -->
