<?xml version="1.0" encoding="UTF-8"?>
<!-- Generated by org.testng.reporters.JUnitReportReporter -->
<testsuite hostname="sarasvati-Precision-Tower-3420" failures="0" tests="9" name="com.servicepoints.testCases.TC58_VerifyDiscountWithResendFunctionality" time="541.827" errors="0" timestamp="2023-06-19T10:12:24 IST" skipped="0">
  <testcase classname="com.servicepoints.testCases.TC58_VerifyDiscountWithResendFunctionality" name="submitAndAcceptQuotation" time="67.163"/>
  <system-out/>
  <testcase classname="com.servicepoints.testCases.TC58_VerifyDiscountWithResendFunctionality" name="verifyAddTrackingOnProduct" time="68.773"/>
  <system-out/>
  <testcase classname="com.servicepoints.testCases.TC58_VerifyDiscountWithResendFunctionality" name="raiseResendDispute" time="66.987"/>
  <system-out/>
  <testcase classname="com.servicepoints.testCases.TC58_VerifyDiscountWithResendFunctionality" name="verifyAddTrackingOnProductAgain" time="65.044"/>
  <system-out/>
  <testcase classname="com.servicepoints.testCases.TC58_VerifyDiscountWithResendFunctionality" name="verifyAddingDiscount" time="47.362"/>
  <system-out/>
  <testcase classname="com.servicepoints.testCases.TC58_VerifyDiscountWithResendFunctionality" name="raiseRefundDispute" time="68.531"/>
  <system-out/>
  <testcase classname="com.servicepoints.testCases.TC58_VerifyDiscountWithResendFunctionality" name="raiseRefundDispute" time="71.877"/>
  <system-out/>
  <testcase classname="com.servicepoints.testCases.TC58_VerifyDiscountWithResendFunctionality" name="raiseRefundDispute" time="69.164"/>
  <system-out/>
  <testcase classname="com.servicepoints.testCases.TC58_VerifyDiscountWithResendFunctionality" name="verifyDiscountFromClientSide" time="16.926"/>
  <system-out/>
</testsuite> <!-- com.servicepoints.testCases.TC58_VerifyDiscountWithResendFunctionality -->
