<?xml version="1.0" encoding="UTF-8"?>
<!-- Generated by org.testng.reporters.JUnitReportReporter -->
<testsuite hostname="Suraj" failures="0" tests="1" name="com.servicepoints.testCases.TC34_VerifyPaymentPendingOrderOnTest" time="112.167" errors="0" timestamp="2023-05-15T23:59:57 IST" skipped="0">
  <testcase classname="com.servicepoints.testCases.TC34_VerifyPaymentPendingOrderOnTest" name="verifySecondProductStatus" time="112.167"/>
  <system-out/>
</testsuite> <!-- com.servicepoints.testCases.TC34_VerifyPaymentPendingOrderOnTest -->
