<?xml version="1.0" encoding="UTF-8"?>
<!-- Generated by org.testng.reporters.JUnitReportReporter -->
<testsuite hostname="sarasvati-Precision-Tower-3420" failures="0" tests="1" name="com.servicepoints.testCases.TC28_VerifyDeclinedResendDispute" time="132.362" errors="0" timestamp="2023-06-26T15:56:09 IST" skipped="0">
  <testcase classname="com.servicepoints.testCases.TC28_VerifyDeclinedResendDispute" name="verifyDeclinedResendDispute" time="132.362"/>
  <system-out/>
</testsuite> <!-- com.servicepoints.testCases.TC28_VerifyDeclinedResendDispute -->
