<?xml version="1.0" encoding="UTF-8"?>
<!-- Generated by org.testng.reporters.JUnitReportReporter -->
<testsuite hostname="Suraj" failures="0" tests="1" name="com.servicepoints.testCases.TC12_VerifyAcceptQuotationTest" time="143.865" errors="0" timestamp="2023-04-30T11:25:21 IST" skipped="0">
  <testcase classname="com.servicepoints.testCases.TC12_VerifyAcceptQuotationTest" name="verifyAcceptQuote" time="143.865"/>
  <system-out/>
</testsuite> <!-- com.servicepoints.testCases.TC12_VerifyAcceptQuotationTest -->
