<?xml version="1.0" encoding="UTF-8"?>
<!-- Generated by org.testng.reporters.JUnitReportReporter -->
<testsuite hostname="sarasvati-Precision-Tower-3420" failures="0" tests="5" name="com.servicepoints.testCases.TC57_VerifyDiscountFunctionalityWithRefundDispute2" time="233.730" errors="0" timestamp="2023-06-23T16:14:01 IST" skipped="0">
  <testcase classname="com.servicepoints.testCases.TC57_VerifyDiscountFunctionalityWithRefundDispute2" name="submitAndAcceptQuotation" time="60.860"/>
  <system-out/>
  <testcase classname="com.servicepoints.testCases.TC57_VerifyDiscountFunctionalityWithRefundDispute2" name="verifyAddTrackingAndResendProduct" time="45.256"/>
  <system-out/>
  <testcase classname="com.servicepoints.testCases.TC57_VerifyDiscountFunctionalityWithRefundDispute2" name="raiseRefundDispute" time="61.475"/>
  <system-out/>
  <testcase classname="com.servicepoints.testCases.TC57_VerifyDiscountFunctionalityWithRefundDispute2" name="verifyAddingDiscount" time="44.697"/>
  <system-out/>
  <testcase classname="com.servicepoints.testCases.TC57_VerifyDiscountFunctionalityWithRefundDispute2" name="verifyDiscountFromClientSide" time="21.442"/>
  <system-out/>
</testsuite> <!-- com.servicepoints.testCases.TC57_VerifyDiscountFunctionalityWithRefundDispute2 -->
