<?xml version="1.0" encoding="UTF-8"?>
<!-- Generated by org.testng.reporters.JUnitReportReporter -->
<testsuite hostname="sarasvati-Precision-Tower-3420" failures="0" tests="1" name="com.servicepoints.testCases.TC27_VerifyAddTrackingAndResend" time="144.149" errors="0" timestamp="2023-07-12T18:52:26 IST" skipped="0">
  <testcase classname="com.servicepoints.testCases.TC27_VerifyAddTrackingAndResend" name="verifyAddTrackingAndResendProduct" time="144.149"/>
  <system-out/>
</testsuite> <!-- com.servicepoints.testCases.TC27_VerifyAddTrackingAndResend -->
