<?xml version="1.0" encoding="UTF-8"?>
<!-- Generated by org.testng.reporters.JUnitReportReporter -->
<testsuite hostname="sarasvati-Precision-Tower-3420" failures="0" tests="1" name="com.servicepoints.testCases.TC25_VerifyRefundAndConversation" time="144.649" errors="0" timestamp="2023-05-03T11:53:49 IST" skipped="0">
  <testcase classname="com.servicepoints.testCases.TC25_VerifyRefundAndConversation" name="verifyRefundAndConversation" time="144.649"/>
  <system-out/>
</testsuite> <!-- com.servicepoints.testCases.TC25_VerifyRefundAndConversation -->
