<?xml version="1.0" encoding="UTF-8"?>
<!-- Generated by org.testng.reporters.JUnitReportReporter -->
<testsuite hostname="sarasvati-Precision-Tower-3420" failures="0" tests="1" name="com.servicepoints.testCases.TC38_VerifyRequoteQuotationTest" time="62.909" errors="0" timestamp="2023-05-25T17:34:31 IST" skipped="0">
  <testcase classname="com.servicepoints.testCases.TC38_VerifyRequoteQuotationTest" name="verifyRequoteQuotation" time="62.909"/>
  <system-out/>
</testsuite> <!-- com.servicepoints.testCases.TC38_VerifyRequoteQuotationTest -->
