<?xml version="1.0" encoding="UTF-8"?>
<!-- Generated by org.testng.reporters.JUnitReportReporter -->
<testsuite hostname="Suraj" failures="0" tests="1" name="com.servicepoints.testCases.TC30_VerifySpecialRequestCloseByAdminSP" time="90.466" errors="0" timestamp="2023-04-30T23:30:53 IST" skipped="0">
  <testcase classname="com.servicepoints.testCases.TC30_VerifySpecialRequestCloseByAdminSP" name="verifySpecialRequestClosingByAll" time="90.466"/>
  <system-out/>
</testsuite> <!-- com.servicepoints.testCases.TC30_VerifySpecialRequestCloseByAdminSP -->
