<?xml version="1.0" encoding="UTF-8"?>
<!-- Generated by org.testng.reporters.JUnitReportReporter -->
<testsuite hostname="sarasvati-Precision-Tower-3420" failures="0" tests="1" name="com.servicepoints.testCases.TC25_VerifySubmitTwoQuote" time="62.468" errors="0" timestamp="2023-04-24T14:47:07 IST" skipped="0">
  <testcase classname="com.servicepoints.testCases.TC25_VerifySubmitTwoQuote" name="verifySubmitTwoQuote" time="62.468"/>
  <system-out/>
</testsuite> <!-- com.servicepoints.testCases.TC25_VerifySubmitTwoQuote -->
