<?xml version="1.0" encoding="UTF-8"?>
<!-- Generated by org.testng.reporters.JUnitReportReporter -->
<testsuite hostname="sarasvati-Precision-Tower-3420" failures="0" tests="10" name="com.servicepoints.testCases.TC67_VerifySimpleSpecialRequestFunctionalityBySupportAndTeamleader" time="360.309" errors="0" timestamp="2023-07-07T15:25:48 IST" skipped="0">
  <testcase classname="com.servicepoints.testCases.TC67_VerifySimpleSpecialRequestFunctionalityBySupportAndTeamleader" name="submitAndAcceptQuotation" time="81.890"/>
  <system-out/>
  <testcase classname="com.servicepoints.testCases.TC67_VerifySimpleSpecialRequestFunctionalityBySupportAndTeamleader" name="submitSpecialRequestByTeamleader" time="46.535"/>
  <system-out/>
  <testcase classname="com.servicepoints.testCases.TC67_VerifySimpleSpecialRequestFunctionalityBySupportAndTeamleader" name="verifySupplierSubmittedTheSpRequest" time="28.795"/>
  <system-out/>
  <testcase classname="com.servicepoints.testCases.TC67_VerifySimpleSpecialRequestFunctionalityBySupportAndTeamleader" name="verifyCloseSpecialRequestFromTeamleaderSide" time="39.241"/>
  <system-out/>
  <testcase classname="com.servicepoints.testCases.TC67_VerifySimpleSpecialRequestFunctionalityBySupportAndTeamleader" name="verifySumbmittingSpRequestFromSupport" time="25.934"/>
  <system-out/>
  <testcase classname="com.servicepoints.testCases.TC67_VerifySimpleSpecialRequestFunctionalityBySupportAndTeamleader" name="verifySupplierSubmittedTheSpRequestFromSupport" time="29.118"/>
  <system-out/>
  <testcase classname="com.servicepoints.testCases.TC67_VerifySimpleSpecialRequestFunctionalityBySupportAndTeamleader" name="verifyCloseSpRequestFromSupplier" time="20.086"/>
  <system-out/>
  <testcase classname="com.servicepoints.testCases.TC67_VerifySimpleSpecialRequestFunctionalityBySupportAndTeamleader" name="verifyRequestingSpecialRequestFromClient" time="29.288"/>
  <system-out/>
  <testcase classname="com.servicepoints.testCases.TC67_VerifySimpleSpecialRequestFunctionalityBySupportAndTeamleader" name="verifySupplierSubmittedTheSpRequestFromClient" time="28.837"/>
  <system-out/>
  <testcase classname="com.servicepoints.testCases.TC67_VerifySimpleSpecialRequestFunctionalityBySupportAndTeamleader" name="verifyCloseSpecialRequestSubmittedFromSupplier" time="30.585"/>
  <system-out/>
</testsuite> <!-- com.servicepoints.testCases.TC67_VerifySimpleSpecialRequestFunctionalityBySupportAndTeamleader -->
