<?xml version="1.0" encoding="UTF-8"?>
<!-- Generated by org.testng.reporters.JUnitReportReporter -->
<testsuite hostname="sarasvati-Precision-Tower-3420" failures="0" tests="1" name="com.servicepoints.testCases.TC27_VerifyDeclinedResendDispute" time="154.159" errors="0" timestamp="2023-05-02T19:14:50 IST" skipped="0">
  <testcase classname="com.servicepoints.testCases.TC27_VerifyDeclinedResendDispute" name="verifyDeclinedResendDispute" time="154.159"/>
  <system-out/>
</testsuite> <!-- com.servicepoints.testCases.TC27_VerifyDeclinedResendDispute -->
