<?xml version="1.0" encoding="UTF-8"?>
<!-- Generated by org.testng.reporters.JUnitReportReporter -->
<testsuite hostname="sarasvati-Precision-Tower-3420" failures="0" tests="4" name="com.servicepoints.testCases.TC41_VerifyMergeBreakOrderForNewVariantInDispute" time="214.570" errors="0" timestamp="2023-06-27T10:57:59 IST" skipped="0">
  <testcase classname="com.servicepoints.testCases.TC41_VerifyMergeBreakOrderForNewVariantInDispute" name="verifySubmitAndAcceptQuotation" time="96.490"/>
  <system-out/>
  <testcase classname="com.servicepoints.testCases.TC41_VerifyMergeBreakOrderForNewVariantInDispute" name="verifyOpenDispute" time="33.325"/>
  <system-out/>
  <testcase classname="com.servicepoints.testCases.TC41_VerifyMergeBreakOrderForNewVariantInDispute" name="verifyDisputeIsOpenAfterAddingNewVariant" time="26.042"/>
  <system-out/>
  <testcase classname="com.servicepoints.testCases.TC41_VerifyMergeBreakOrderForNewVariantInDispute" name="verifyDisputeFromClientSide" time="58.713"/>
  <system-out/>
</testsuite> <!-- com.servicepoints.testCases.TC41_VerifyMergeBreakOrderForNewVariantInDispute -->
