<?xml version="1.0" encoding="UTF-8"?>
<!-- Generated by org.testng.reporters.JUnitReportReporter -->
<testsuite hostname="sarasvati-Precision-Tower-3420" failures="0" tests="1" name="com.servicepoints.testCases.TC20_VerifyAcceptDispute" time="54.287" errors="0" timestamp="2023-05-24T12:55:03 IST" skipped="0">
  <testcase classname="com.servicepoints.testCases.TC20_VerifyAcceptDispute" name="verifyAcceptDisputeTest" time="54.287"/>
  <system-out/>
</testsuite> <!-- com.servicepoints.testCases.TC20_VerifyAcceptDispute -->
