<?xml version="1.0" encoding="UTF-8"?>
<!-- Generated by org.testng.reporters.JUnitReportReporter -->
<testsuite hostname="sarasvati-Precision-Tower-3420" failures="0" tests="1" name="com.servicepoints.testCases.TC03_UserSignUpTest" time="20.761" errors="0" timestamp="2023-04-13T18:00:27 IST" skipped="0">
  <testcase classname="com.servicepoints.testCases.TC03_UserSignUpTest" name="testUserSignUp" time="20.761"/>
  <system-out/>
</testsuite> <!-- com.servicepoints.testCases.TC03_UserSignUpTest -->
