<?xml version="1.0" encoding="UTF-8"?>
<!-- Generated by org.testng.reporters.JUnitReportReporter -->
<testsuite hostname="sarasvati-Precision-Tower-3420" failures="0" tests="1" name="com.servicepoints.testCases.TC27_VerifyDeclinedResendDispute" time="114.258" errors="0" timestamp="2023-05-01T11:42:30 IST" skipped="0">
  <testcase classname="com.servicepoints.testCases.TC27_VerifyDeclinedResendDispute" name="verifyDeclinedResendDispute" time="114.258"/>
  <system-out/>
</testsuite> <!-- com.servicepoints.testCases.TC27_VerifyDeclinedResendDispute -->
