<?xml version="1.0" encoding="UTF-8"?>
<!-- Generated by org.testng.reporters.JUnitReportReporter -->
<testsuite hostname="sarasvati-Precision-Tower-3420" failures="0" tests="1" name="com.servicepoints.testCases.TC13_VerifyAddAgentSupportTest" time="54.356" errors="0" timestamp="2023-04-25T17:15:21 IST" skipped="0">
  <testcase classname="com.servicepoints.testCases.TC13_VerifyAddAgentSupportTest" name="verifyAddAgentSupport" time="54.356"/>
  <system-out/>
</testsuite> <!-- com.servicepoints.testCases.TC13_VerifyAddAgentSupportTest -->
