<?xml version="1.0" encoding="UTF-8"?>
<!-- Generated by org.testng.reporters.JUnitReportReporter -->
<testsuite hostname="sarasvati-Precision-Tower-3420" failures="0" tests="1" name="com.servicepoints.testCases.TC15_verifyAskForPriceChange" time="85.701" errors="0" timestamp="2023-05-02T18:43:12 IST" skipped="0">
  <testcase classname="com.servicepoints.testCases.TC15_verifyAskForPriceChange" name="verifyAskForPriceChange" time="85.701"/>
  <system-out/>
</testsuite> <!-- com.servicepoints.testCases.TC15_verifyAskForPriceChange -->
