<?xml version="1.0" encoding="UTF-8"?>
<!-- Generated by org.testng.reporters.JUnitReportReporter -->
<testsuite hostname="sarasvati-Precision-Tower-3420" failures="0" tests="4" name="com.servicepoints.testCases.TC43_VerifyAfterCloseDisputeNoConversationBetweenClientAndSupplier" time="182.363" errors="0" timestamp="2023-05-26T11:55:44 IST" skipped="0">
  <testcase classname="com.servicepoints.testCases.TC43_VerifyAfterCloseDisputeNoConversationBetweenClientAndSupplier" name="submitAndAcceptQuotation" time="60.445"/>
  <system-out/>
  <testcase classname="com.servicepoints.testCases.TC43_VerifyAfterCloseDisputeNoConversationBetweenClientAndSupplier" name="verifyOpenDispute" time="30.354"/>
  <system-out/>
  <testcase classname="com.servicepoints.testCases.TC43_VerifyAfterCloseDisputeNoConversationBetweenClientAndSupplier" name="verifyAcceptDispute" time="75.625"/>
  <system-out/>
  <testcase classname="com.servicepoints.testCases.TC43_VerifyAfterCloseDisputeNoConversationBetweenClientAndSupplier" name="verifyNotificationFromClient" time="15.939"/>
  <system-out/>
</testsuite> <!-- com.servicepoints.testCases.TC43_VerifyAfterCloseDisputeNoConversationBetweenClientAndSupplier -->
