<?xml version="1.0" encoding="UTF-8"?>
<!-- Generated by org.testng.reporters.JUnitReportReporter -->
<testsuite hostname="sarasvati-Precision-Tower-3420" failures="0" tests="2" name="com.servicepoints.testCases.TC56_VerifyAddDiscountFunctionality" time="150.545" errors="0" timestamp="2023-06-14T09:43:52 IST" skipped="0">
  <testcase classname="com.servicepoints.testCases.TC56_VerifyAddDiscountFunctionality" name="submitAndAcceptQuotation" time="59.816"/>
  <system-out/>
  <testcase classname="com.servicepoints.testCases.TC56_VerifyAddDiscountFunctionality" name="verifyAddTrackingAndResendProduct" time="90.729"/>
  <system-out/>
</testsuite> <!-- com.servicepoints.testCases.TC56_VerifyAddDiscountFunctionality -->
