<?xml version="1.0" encoding="UTF-8"?>
<!-- Generated by org.testng.reporters.JUnitReportReporter -->
<testsuite hostname="sarasvati-Precision-Tower-3420" failures="0" tests="1" name="com.servicepoints.testCases.TC64_VerifyCancelQuotationRequestFunctionality" time="129.290" errors="0" timestamp="2023-06-22T17:31:17 IST" skipped="0">
  <testcase classname="com.servicepoints.testCases.TC64_VerifyCancelQuotationRequestFunctionality" name="submitAndAcceptQuotation" time="129.290"/>
  <system-out/>
</testsuite> <!-- com.servicepoints.testCases.TC64_VerifyCancelQuotationRequestFunctionality -->
